{"/home/mmollis/WellFed/dist/src/app.js": {"path":"/home/mmollis/WellFed/dist/src/app.js","statementMap":{"0":{"start":{"line":15,"column":12},"end":{"line":15,"column":21}},"1":{"start":{"line":16,"column":0},"end":{"line":16,"column":24}},"2":{"start":{"line":17,"column":0},"end":{"line":17,"column":48}},"3":{"start":{"line":18,"column":0},"end":{"line":20,"column":4}},"4":{"start":{"line":21,"column":0},"end":{"line":21,"column":30}},"5":{"start":{"line":22,"column":0},"end":{"line":22,"column":43}},"6":{"start":{"line":23,"column":0},"end":{"line":23,"column":33}},"7":{"start":{"line":24,"column":0},"end":{"line":24,"column":33}},"8":{"start":{"line":25,"column":0},"end":{"line":25,"column":35}},"9":{"start":{"line":26,"column":0},"end":{"line":26,"column":34}},"10":{"start":{"line":27,"column":0},"end":{"line":27,"column":35}},"11":{"start":{"line":28,"column":0},"end":{"line":28,"column":37}},"12":{"start":{"line":29,"column":0},"end":{"line":29,"column":36}},"13":{"start":{"line":30,"column":0},"end":{"line":30,"column":49}},"14":{"start":{"line":31,"column":0},"end":{"line":31,"column":47}},"15":{"start":{"line":32,"column":0},"end":{"line":32,"column":22}},"16":{"start":{"line":33,"column":0},"end":{"line":33,"column":47}},"17":{"start":{"line":34,"column":0},"end":{"line":36,"column":3}},"18":{"start":{"line":35,"column":4},"end":{"line":35,"column":24}}},"fnMap":{"0":{"name":"(anonymous_0)","decl":{"start":{"line":34,"column":8},"end":{"line":34,"column":9}},"loc":{"start":{"line":34,"column":22},"end":{"line":36,"column":1}},"line":34}},"branchMap":{},"s":{"0":2,"1":2,"2":2,"3":2,"4":2,"5":2,"6":2,"7":2,"8":2,"9":2,"10":2,"11":2,"12":2,"13":2,"14":2,"15":2,"16":2,"17":2,"18":0},"f":{"0":0},"b":{},"_coverageSchema":"1a1c01bbd47fc00a2c39e90264f33305004495a9","hash":"e9d9801eff5be59b7cdded1f99e0f39e69818785"}
,"/home/mmollis/WellFed/dist/src/hello_world_example.js": {"path":"/home/mmollis/WellFed/dist/src/hello_world_example.js","statementMap":{"0":{"start":{"line":2,"column":15},"end":{"line":2,"column":31}},"1":{"start":{"line":3,"column":0},"end":{"line":6,"column":3}},"2":{"start":{"line":4,"column":17},"end":{"line":4,"column":34}},"3":{"start":{"line":5,"column":4},"end":{"line":5,"column":36}},"4":{"start":{"line":7,"column":0},"end":{"line":10,"column":3}},"5":{"start":{"line":8,"column":17},"end":{"line":8,"column":34}},"6":{"start":{"line":9,"column":4},"end":{"line":9,"column":37}}},"fnMap":{"0":{"name":"(anonymous_0)","decl":{"start":{"line":3,"column":21},"end":{"line":3,"column":22}},"loc":{"start":{"line":3,"column":35},"end":{"line":6,"column":1}},"line":3},"1":{"name":"(anonymous_1)","decl":{"start":{"line":7,"column":22},"end":{"line":7,"column":23}},"loc":{"start":{"line":7,"column":36},"end":{"line":10,"column":1}},"line":7}},"branchMap":{},"s":{"0":2,"1":2,"2":0,"3":0,"4":2,"5":0,"6":0},"f":{"0":0,"1":0},"b":{},"_coverageSchema":"1a1c01bbd47fc00a2c39e90264f33305004495a9","hash":"7710d9e6b9d37497367dfb3dd7b5ece57fe1acd7"}
,"/home/mmollis/WellFed/dist/src/middleware/clientOnly.js": {"path":"/home/mmollis/WellFed/dist/src/middleware/clientOnly.js","statementMap":{"0":{"start":{"line":2,"column":19},"end":{"line":8,"column":1}},"1":{"start":{"line":3,"column":17},"end":{"line":3,"column":20}},"2":{"start":{"line":4,"column":4},"end":{"line":6,"column":5}},"3":{"start":{"line":5,"column":8},"end":{"line":5,"column":35}},"4":{"start":{"line":7,"column":4},"end":{"line":7,"column":11}}},"fnMap":{"0":{"name":"(anonymous_0)","decl":{"start":{"line":2,"column":19},"end":{"line":2,"column":20}},"loc":{"start":{"line":2,"column":39},"end":{"line":8,"column":1}},"line":2}},"branchMap":{"0":{"loc":{"start":{"line":4,"column":4},"end":{"line":6,"column":5}},"type":"if","locations":[{"start":{"line":4,"column":4},"end":{"line":6,"column":5}},{"start":{},"end":{}}],"line":4}},"s":{"0":2,"1":0,"2":0,"3":0,"4":0},"f":{"0":0},"b":{"0":[0,0]},"_coverageSchema":"1a1c01bbd47fc00a2c39e90264f33305004495a9","hash":"f2a84aacf4e699cd59f09db27e0f1899d6eb6021"}
,"/home/mmollis/WellFed/dist/src/middleware/imageUtil.js": {"path":"/home/mmollis/WellFed/dist/src/middleware/imageUtil.js","statementMap":{"0":{"start":{"line":6,"column":19},"end":{"line":6,"column":49}},"1":{"start":{"line":7,"column":18},"end":{"line":7,"column":42}},"2":{"start":{"line":8,"column":21},"end":{"line":8,"column":36}},"3":{"start":{"line":9,"column":20},"end":{"line":32,"column":1}},"4":{"start":{"line":10,"column":4},"end":{"line":31,"column":7}},"5":{"start":{"line":13,"column":34},"end":{"line":13,"column":102}},"6":{"start":{"line":14,"column":16},"end":{"line":14,"column":36}},"7":{"start":{"line":17,"column":16},"end":{"line":17,"column":69}},"8":{"start":{"line":21,"column":12},"end":{"line":26,"column":13}},"9":{"start":{"line":22,"column":16},"end":{"line":22,"column":31}},"10":{"start":{"line":25,"column":16},"end":{"line":25,"column":63}},"11":{"start":{"line":33,"column":28},"end":{"line":42,"column":1}},"12":{"start":{"line":34,"column":21},"end":{"line":34,"column":90}},"13":{"start":{"line":35,"column":4},"end":{"line":41,"column":5}},"14":{"start":{"line":36,"column":8},"end":{"line":36,"column":28}},"15":{"start":{"line":37,"column":8},"end":{"line":37,"column":28}},"16":{"start":{"line":40,"column":8},"end":{"line":40,"column":25}},"17":{"start":{"line":43,"column":20},"end":{"line":53,"column":1}},"18":{"start":{"line":44,"column":4},"end":{"line":52,"column":5}},"19":{"start":{"line":45,"column":8},"end":{"line":51,"column":9}},"20":{"start":{"line":46,"column":12},"end":{"line":46,"column":42}},"21":{"start":{"line":47,"column":12},"end":{"line":47,"column":42}},"22":{"start":{"line":50,"column":12},"end":{"line":50,"column":29}}},"fnMap":{"0":{"name":"(anonymous_0)","decl":{"start":{"line":9,"column":20},"end":{"line":9,"column":21}},"loc":{"start":{"line":9,"column":34},"end":{"line":32,"column":1}},"line":9},"1":{"name":"(anonymous_1)","decl":{"start":{"line":12,"column":25},"end":{"line":12,"column":26}},"loc":{"start":{"line":12,"column":44},"end":{"line":15,"column":13}},"line":12},"2":{"name":"(anonymous_2)","decl":{"start":{"line":16,"column":22},"end":{"line":16,"column":23}},"loc":{"start":{"line":16,"column":41},"end":{"line":18,"column":13}},"line":16},"3":{"name":"(anonymous_3)","decl":{"start":{"line":20,"column":20},"end":{"line":20,"column":21}},"loc":{"start":{"line":20,"column":39},"end":{"line":27,"column":9}},"line":20},"4":{"name":"(anonymous_4)","decl":{"start":{"line":33,"column":28},"end":{"line":33,"column":29}},"loc":{"start":{"line":33,"column":43},"end":{"line":42,"column":1}},"line":33},"5":{"name":"(anonymous_5)","decl":{"start":{"line":43,"column":20},"end":{"line":43,"column":21}},"loc":{"start":{"line":43,"column":39},"end":{"line":53,"column":1}},"line":43}},"branchMap":{"0":{"loc":{"start":{"line":21,"column":12},"end":{"line":26,"column":13}},"type":"if","locations":[{"start":{"line":21,"column":12},"end":{"line":26,"column":13}},{"start":{"line":24,"column":17},"end":{"line":26,"column":13}}],"line":21},"1":{"loc":{"start":{"line":21,"column":16},"end":{"line":21,"column":113}},"type":"binary-expr","locations":[{"start":{"line":21,"column":16},"end":{"line":21,"column":46}},{"start":{"line":21,"column":50},"end":{"line":21,"column":79}},{"start":{"line":21,"column":83},"end":{"line":21,"column":113}}],"line":21},"2":{"loc":{"start":{"line":44,"column":4},"end":{"line":52,"column":5}},"type":"if","locations":[{"start":{"line":44,"column":4},"end":{"line":52,"column":5}},{"start":{},"end":{}}],"line":44}},"s":{"0":2,"1":2,"2":2,"3":2,"4":10,"5":0,"6":0,"7":0,"8":0,"9":0,"10":0,"11":2,"12":0,"13":0,"14":0,"15":0,"16":0,"17":2,"18":0,"19":0,"20":0,"21":0,"22":0},"f":{"0":10,"1":0,"2":0,"3":0,"4":0,"5":0},"b":{"0":[0,0],"1":[0,0,0],"2":[0,0]},"_coverageSchema":"1a1c01bbd47fc00a2c39e90264f33305004495a9","hash":"2a7a63d1ff633f3c3834f6043b024ecf5a120b6f"}
,"/home/mmollis/WellFed/dist/src/middleware/merchantOnly.js": {"path":"/home/mmollis/WellFed/dist/src/middleware/merchantOnly.js","statementMap":{"0":{"start":{"line":2,"column":21},"end":{"line":8,"column":1}},"1":{"start":{"line":3,"column":17},"end":{"line":3,"column":20}},"2":{"start":{"line":4,"column":4},"end":{"line":6,"column":5}},"3":{"start":{"line":5,"column":8},"end":{"line":5,"column":35}},"4":{"start":{"line":7,"column":4},"end":{"line":7,"column":11}}},"fnMap":{"0":{"name":"(anonymous_0)","decl":{"start":{"line":2,"column":21},"end":{"line":2,"column":22}},"loc":{"start":{"line":2,"column":41},"end":{"line":8,"column":1}},"line":2}},"branchMap":{"0":{"loc":{"start":{"line":4,"column":4},"end":{"line":6,"column":5}},"type":"if","locations":[{"start":{"line":4,"column":4},"end":{"line":6,"column":5}},{"start":{},"end":{}}],"line":4}},"s":{"0":2,"1":0,"2":0,"3":0,"4":0},"f":{"0":0},"b":{"0":[0,0]},"_coverageSchema":"1a1c01bbd47fc00a2c39e90264f33305004495a9","hash":"290494442e7dc787992153b1d2919ca18fb51a0e"}
,"/home/mmollis/WellFed/dist/src/middleware/tokenChecker.js": {"path":"/home/mmollis/WellFed/dist/src/middleware/tokenChecker.js","statementMap":{"0":{"start":{"line":3,"column":21},"end":{"line":20,"column":1}},"1":{"start":{"line":4,"column":4},"end":{"line":6,"column":5}},"2":{"start":{"line":5,"column":8},"end":{"line":5,"column":35}},"3":{"start":{"line":7,"column":18},"end":{"line":7,"column":63}},"4":{"start":{"line":8,"column":4},"end":{"line":10,"column":5}},"5":{"start":{"line":9,"column":8},"end":{"line":9,"column":35}},"6":{"start":{"line":11,"column":4},"end":{"line":19,"column":7}},"7":{"start":{"line":12,"column":8},"end":{"line":18,"column":9}},"8":{"start":{"line":13,"column":12},"end":{"line":13,"column":39}},"9":{"start":{"line":16,"column":12},"end":{"line":16,"column":27}},"10":{"start":{"line":17,"column":12},"end":{"line":17,"column":19}}},"fnMap":{"0":{"name":"(anonymous_0)","decl":{"start":{"line":3,"column":21},"end":{"line":3,"column":22}},"loc":{"start":{"line":3,"column":41},"end":{"line":20,"column":1}},"line":3},"1":{"name":"(anonymous_1)","decl":{"start":{"line":11,"column":47},"end":{"line":11,"column":48}},"loc":{"start":{"line":11,"column":61},"end":{"line":19,"column":5}},"line":11}},"branchMap":{"0":{"loc":{"start":{"line":4,"column":4},"end":{"line":6,"column":5}},"type":"if","locations":[{"start":{"line":4,"column":4},"end":{"line":6,"column":5}},{"start":{},"end":{}}],"line":4},"1":{"loc":{"start":{"line":8,"column":4},"end":{"line":10,"column":5}},"type":"if","locations":[{"start":{"line":8,"column":4},"end":{"line":10,"column":5}},{"start":{},"end":{}}],"line":8},"2":{"loc":{"start":{"line":12,"column":8},"end":{"line":18,"column":9}},"type":"if","locations":[{"start":{"line":12,"column":8},"end":{"line":18,"column":9}},{"start":{"line":15,"column":13},"end":{"line":18,"column":9}}],"line":12}},"s":{"0":2,"1":0,"2":0,"3":0,"4":0,"5":0,"6":0,"7":0,"8":0,"9":0,"10":0},"f":{"0":0,"1":0},"b":{"0":[0,0],"1":[0,0],"2":[0,0]},"_coverageSchema":"1a1c01bbd47fc00a2c39e90264f33305004495a9","hash":"bc85afb4a814ac75679f4fea1af4697dc0e227b5"}
,"/home/mmollis/WellFed/dist/src/models/client.js": {"path":"/home/mmollis/WellFed/dist/src/models/client.js","statementMap":{},"fnMap":{},"branchMap":{},"s":{},"f":{},"b":{},"_coverageSchema":"1a1c01bbd47fc00a2c39e90264f33305004495a9","hash":"204c4e40fd404d1c0a67ebf8283ef575ccb98966"}
,"/home/mmollis/WellFed/dist/src/models/merchant.js": {"path":"/home/mmollis/WellFed/dist/src/models/merchant.js","statementMap":{},"fnMap":{},"branchMap":{},"s":{},"f":{},"b":{},"_coverageSchema":"1a1c01bbd47fc00a2c39e90264f33305004495a9","hash":"a2a78fc9780a2cb797a0edf82b523985a4738168"}
,"/home/mmollis/WellFed/dist/src/models/notification.js": {"path":"/home/mmollis/WellFed/dist/src/models/notification.js","statementMap":{},"fnMap":{},"branchMap":{},"s":{},"f":{},"b":{},"_coverageSchema":"1a1c01bbd47fc00a2c39e90264f33305004495a9","hash":"9a4430c57fffef664d7cb37f9937309d84abb7a5"}
,"/home/mmollis/WellFed/dist/src/models/prize.js": {"path":"/home/mmollis/WellFed/dist/src/models/prize.js","statementMap":{},"fnMap":{},"branchMap":{},"s":{},"f":{},"b":{},"_coverageSchema":"1a1c01bbd47fc00a2c39e90264f33305004495a9","hash":"b4ac9bb6995e69e524d0e94eb5d3c1b6697630a2"}
,"/home/mmollis/WellFed/dist/src/models/product.js": {"path":"/home/mmollis/WellFed/dist/src/models/product.js","statementMap":{},"fnMap":{},"branchMap":{},"s":{},"f":{},"b":{},"_coverageSchema":"1a1c01bbd47fc00a2c39e90264f33305004495a9","hash":"f22311f06ec6b0d5d5006b808a8aca1031fb933d"}
,"/home/mmollis/WellFed/dist/src/models/transaction.js": {"path":"/home/mmollis/WellFed/dist/src/models/transaction.js","statementMap":{"0":{"start":{"line":3,"column":0},"end":{"line":6,"column":46}},"1":{"start":{"line":4,"column":4},"end":{"line":4,"column":60}},"2":{"start":{"line":5,"column":4},"end":{"line":5,"column":52}},"3":{"start":{"line":8,"column":0},"end":{"line":11,"column":50}},"4":{"start":{"line":9,"column":4},"end":{"line":9,"column":45}},"5":{"start":{"line":10,"column":4},"end":{"line":10,"column":45}},"6":{"start":{"line":12,"column":32},"end":{"line":18,"column":18}}},"fnMap":{"0":{"name":"(anonymous_0)","decl":{"start":{"line":3,"column":1},"end":{"line":3,"column":2}},"loc":{"start":{"line":3,"column":28},"end":{"line":6,"column":1}},"line":3},"1":{"name":"(anonymous_1)","decl":{"start":{"line":8,"column":1},"end":{"line":8,"column":2}},"loc":{"start":{"line":8,"column":30},"end":{"line":11,"column":1}},"line":8}},"branchMap":{"0":{"loc":{"start":{"line":6,"column":3},"end":{"line":6,"column":44}},"type":"binary-expr","locations":[{"start":{"line":6,"column":3},"end":{"line":6,"column":18}},{"start":{"line":6,"column":23},"end":{"line":6,"column":43}}],"line":6},"1":{"loc":{"start":{"line":11,"column":3},"end":{"line":11,"column":48}},"type":"binary-expr","locations":[{"start":{"line":11,"column":3},"end":{"line":11,"column":20}},{"start":{"line":11,"column":25},"end":{"line":11,"column":47}}],"line":11}},"s":{"0":2,"1":2,"2":2,"3":2,"4":2,"5":2,"6":2},"f":{"0":2,"1":2},"b":{"0":[2,2],"1":[2,2]},"_coverageSchema":"1a1c01bbd47fc00a2c39e90264f33305004495a9","hash":"ad4e16dc381dcd0000af95f41346aed12be17012"}
,"/home/mmollis/WellFed/dist/src/modules/apiDocs.js": {"path":"/home/mmollis/WellFed/dist/src/modules/apiDocs.js","statementMap":{"0":{"start":{"line":5,"column":15},"end":{"line":5,"column":31}},"1":{"start":{"line":6,"column":24},"end":{"line":6,"column":68}},"2":{"start":{"line":7,"column":0},"end":{"line":7,"column":67}}},"fnMap":{},"branchMap":{},"s":{"0":2,"1":2,"2":2},"f":{},"b":{},"_coverageSchema":"1a1c01bbd47fc00a2c39e90264f33305004495a9","hash":"0f00f0c8cb2372ef789bf914e91844b785e009e1"}
,"/home/mmollis/WellFed/dist/src/modules/client.js": {"path":"/home/mmollis/WellFed/dist/src/modules/client.js","statementMap":{"0":{"start":{"line":4,"column":15},"end":{"line":4,"column":31}},"1":{"start":{"line":5,"column":0},"end":{"line":28,"column":3}},"2":{"start":{"line":6,"column":4},"end":{"line":27,"column":5}},"3":{"start":{"line":7,"column":21},"end":{"line":7,"column":29}},"4":{"start":{"line":8,"column":8},"end":{"line":11,"column":9}},"5":{"start":{"line":9,"column":12},"end":{"line":9,"column":32}},"6":{"start":{"line":10,"column":12},"end":{"line":10,"column":19}},"7":{"start":{"line":12,"column":21},"end":{"line":12,"column":51}},"8":{"start":{"line":13,"column":8},"end":{"line":16,"column":9}},"9":{"start":{"line":14,"column":12},"end":{"line":14,"column":32}},"10":{"start":{"line":15,"column":12},"end":{"line":15,"column":19}},"11":{"start":{"line":17,"column":8},"end":{"line":22,"column":11}},"12":{"start":{"line":25,"column":8},"end":{"line":25,"column":25}},"13":{"start":{"line":26,"column":8},"end":{"line":26,"column":28}}},"fnMap":{"0":{"name":"(anonymous_0)","decl":{"start":{"line":5,"column":28},"end":{"line":5,"column":29}},"loc":{"start":{"line":5,"column":48},"end":{"line":28,"column":1}},"line":5}},"branchMap":{"0":{"loc":{"start":{"line":8,"column":8},"end":{"line":11,"column":9}},"type":"if","locations":[{"start":{"line":8,"column":8},"end":{"line":11,"column":9}},{"start":{},"end":{}}],"line":8},"1":{"loc":{"start":{"line":13,"column":8},"end":{"line":16,"column":9}},"type":"if","locations":[{"start":{"line":13,"column":8},"end":{"line":16,"column":9}},{"start":{},"end":{}}],"line":13}},"s":{"0":2,"1":2,"2":0,"3":0,"4":0,"5":0,"6":0,"7":0,"8":0,"9":0,"10":0,"11":0,"12":0,"13":0},"f":{"0":0},"b":{"0":[0,0],"1":[0,0]},"_coverageSchema":"1a1c01bbd47fc00a2c39e90264f33305004495a9","hash":"5bf2eb3b8673001fd457efb7653a98e48e78a19e"}
,"/home/mmollis/WellFed/dist/src/modules/login.js": {"path":"/home/mmollis/WellFed/dist/src/modules/login.js","statementMap":{"0":{"start":{"line":8,"column":15},"end":{"line":8,"column":31}},"1":{"start":{"line":9,"column":25},"end":{"line":9,"column":47}},"2":{"start":{"line":10,"column":21},"end":{"line":10,"column":41}},"3":{"start":{"line":11,"column":0},"end":{"line":63,"column":3}},"4":{"start":{"line":12,"column":4},"end":{"line":62,"column":5}},"5":{"start":{"line":13,"column":22},"end":{"line":13,"column":43}},"6":{"start":{"line":14,"column":25},"end":{"line":14,"column":49}},"7":{"start":{"line":15,"column":8},"end":{"line":18,"column":9}},"8":{"start":{"line":16,"column":12},"end":{"line":16,"column":32}},"9":{"start":{"line":17,"column":12},"end":{"line":17,"column":19}},"10":{"start":{"line":20,"column":22},"end":{"line":20,"column":26}},"11":{"start":{"line":21,"column":27},"end":{"line":21,"column":32}},"12":{"start":{"line":22,"column":8},"end":{"line":45,"column":9}},"13":{"start":{"line":23,"column":12},"end":{"line":32,"column":13}},"14":{"start":{"line":24,"column":16},"end":{"line":29,"column":18}},"15":{"start":{"line":30,"column":16},"end":{"line":30,"column":34}},"16":{"start":{"line":31,"column":16},"end":{"line":31,"column":36}},"17":{"start":{"line":34,"column":13},"end":{"line":45,"column":9}},"18":{"start":{"line":35,"column":12},"end":{"line":44,"column":13}},"19":{"start":{"line":36,"column":16},"end":{"line":41,"column":18}},"20":{"start":{"line":42,"column":16},"end":{"line":42,"column":50}},"21":{"start":{"line":43,"column":16},"end":{"line":43,"column":36}},"22":{"start":{"line":46,"column":8},"end":{"line":49,"column":9}},"23":{"start":{"line":47,"column":12},"end":{"line":47,"column":32}},"24":{"start":{"line":48,"column":12},"end":{"line":48,"column":19}},"25":{"start":{"line":50,"column":22},"end":{"line":50,"column":78}},"26":{"start":{"line":51,"column":8},"end":{"line":51,"column":163}},"27":{"start":{"line":52,"column":8},"end":{"line":52,"column":35}},"28":{"start":{"line":55,"column":8},"end":{"line":55,"column":25}},"29":{"start":{"line":56,"column":8},"end":{"line":61,"column":9}},"30":{"start":{"line":57,"column":12},"end":{"line":57,"column":32}},"31":{"start":{"line":60,"column":12},"end":{"line":60,"column":32}},"32":{"start":{"line":64,"column":0},"end":{"line":103,"column":3}},"33":{"start":{"line":65,"column":19},"end":{"line":65,"column":37}},"34":{"start":{"line":66,"column":16},"end":{"line":66,"column":30}},"35":{"start":{"line":67,"column":4},"end":{"line":70,"column":5}},"36":{"start":{"line":68,"column":8},"end":{"line":68,"column":28}},"37":{"start":{"line":69,"column":8},"end":{"line":69,"column":15}},"38":{"start":{"line":71,"column":4},"end":{"line":102,"column":5}},"39":{"start":{"line":72,"column":8},"end":{"line":72,"column":29}},"40":{"start":{"line":73,"column":23},"end":{"line":76,"column":10}},"41":{"start":{"line":77,"column":24},"end":{"line":77,"column":43}},"42":{"start":{"line":78,"column":8},"end":{"line":80,"column":9}},"43":{"start":{"line":79,"column":12},"end":{"line":79,"column":39}},"44":{"start":{"line":81,"column":21},"end":{"line":84,"column":10}},"45":{"start":{"line":85,"column":8},"end":{"line":87,"column":9}},"46":{"start":{"line":86,"column":12},"end":{"line":86,"column":39}},"47":{"start":{"line":88,"column":27},"end":{"line":93,"column":9}},"48":{"start":{"line":94,"column":25},"end":{"line":94,"column":84}},"49":{"start":{"line":95,"column":8},"end":{"line":95,"column":163}},"50":{"start":{"line":96,"column":8},"end":{"line":96,"column":26}},"51":{"start":{"line":97,"column":8},"end":{"line":97,"column":38}},"52":{"start":{"line":100,"column":8},"end":{"line":100,"column":28}},"53":{"start":{"line":101,"column":8},"end":{"line":101,"column":25}}},"fnMap":{"0":{"name":"(anonymous_0)","decl":{"start":{"line":11,"column":16},"end":{"line":11,"column":17}},"loc":{"start":{"line":11,"column":36},"end":{"line":63,"column":1}},"line":11},"1":{"name":"(anonymous_1)","decl":{"start":{"line":64,"column":20},"end":{"line":64,"column":21}},"loc":{"start":{"line":64,"column":40},"end":{"line":103,"column":1}},"line":64}},"branchMap":{"0":{"loc":{"start":{"line":15,"column":8},"end":{"line":18,"column":9}},"type":"if","locations":[{"start":{"line":15,"column":8},"end":{"line":18,"column":9}},{"start":{},"end":{}}],"line":15},"1":{"loc":{"start":{"line":15,"column":12},"end":{"line":15,"column":60}},"type":"binary-expr","locations":[{"start":{"line":15,"column":12},"end":{"line":15,"column":42}},{"start":{"line":15,"column":46},"end":{"line":15,"column":60}}],"line":15},"2":{"loc":{"start":{"line":22,"column":8},"end":{"line":45,"column":9}},"type":"if","locations":[{"start":{"line":22,"column":8},"end":{"line":45,"column":9}},{"start":{"line":34,"column":13},"end":{"line":45,"column":9}}],"line":22},"3":{"loc":{"start":{"line":23,"column":12},"end":{"line":32,"column":13}},"type":"if","locations":[{"start":{"line":23,"column":12},"end":{"line":32,"column":13}},{"start":{},"end":{}}],"line":23},"4":{"loc":{"start":{"line":34,"column":13},"end":{"line":45,"column":9}},"type":"if","locations":[{"start":{"line":34,"column":13},"end":{"line":45,"column":9}},{"start":{},"end":{}}],"line":34},"5":{"loc":{"start":{"line":35,"column":12},"end":{"line":44,"column":13}},"type":"if","locations":[{"start":{"line":35,"column":12},"end":{"line":44,"column":13}},{"start":{},"end":{}}],"line":35},"6":{"loc":{"start":{"line":46,"column":8},"end":{"line":49,"column":9}},"type":"if","locations":[{"start":{"line":46,"column":8},"end":{"line":49,"column":9}},{"start":{},"end":{}}],"line":46},"7":{"loc":{"start":{"line":56,"column":8},"end":{"line":61,"column":9}},"type":"if","locations":[{"start":{"line":56,"column":8},"end":{"line":61,"column":9}},{"start":{"line":59,"column":13},"end":{"line":61,"column":9}}],"line":56},"8":{"loc":{"start":{"line":67,"column":4},"end":{"line":70,"column":5}},"type":"if","locations":[{"start":{"line":67,"column":4},"end":{"line":70,"column":5}},{"start":{},"end":{}}],"line":67},"9":{"loc":{"start":{"line":78,"column":8},"end":{"line":80,"column":9}},"type":"if","locations":[{"start":{"line":78,"column":8},"end":{"line":80,"column":9}},{"start":{},"end":{}}],"line":78},"10":{"loc":{"start":{"line":85,"column":8},"end":{"line":87,"column":9}},"type":"if","locations":[{"start":{"line":85,"column":8},"end":{"line":87,"column":9}},{"start":{},"end":{}}],"line":85}},"s":{"0":2,"1":2,"2":2,"3":2,"4":0,"5":0,"6":0,"7":0,"8":0,"9":0,"10":0,"11":0,"12":0,"13":0,"14":0,"15":0,"16":0,"17":0,"18":0,"19":0,"20":0,"21":0,"22":0,"23":0,"24":0,"25":0,"26":0,"27":0,"28":0,"29":0,"30":0,"31":0,"32":2,"33":0,"34":0,"35":0,"36":0,"37":0,"38":0,"39":0,"40":0,"41":0,"42":0,"43":0,"44":0,"45":0,"46":0,"47":0,"48":0,"49":0,"50":0,"51":0,"52":0,"53":0},"f":{"0":0,"1":0},"b":{"0":[0,0],"1":[0,0],"2":[0,0],"3":[0,0],"4":[0,0],"5":[0,0],"6":[0,0],"7":[0,0],"8":[0,0],"9":[0,0],"10":[0,0]},"_coverageSchema":"1a1c01bbd47fc00a2c39e90264f33305004495a9","hash":"17d5d462952fd6c2c7750b69a8b200fa7173cc78"}
,"/home/mmollis/WellFed/dist/src/modules/notifications.js": {"path":"/home/mmollis/WellFed/dist/src/modules/notifications.js","statementMap":{"0":{"start":{"line":5,"column":15},"end":{"line":5,"column":31}},"1":{"start":{"line":7,"column":28},"end":{"line":11,"column":6}},"2":{"start":{"line":12,"column":4},"end":{"line":12,"column":33}},"3":{"start":{"line":13,"column":4},"end":{"line":20,"column":7}},"4":{"start":{"line":22,"column":0},"end":{"line":51,"column":3}},"5":{"start":{"line":23,"column":4},"end":{"line":50,"column":5}},"6":{"start":{"line":24,"column":21},"end":{"line":24,"column":29}},"7":{"start":{"line":25,"column":21},"end":{"line":25,"column":51}},"8":{"start":{"line":26,"column":8},"end":{"line":29,"column":9}},"9":{"start":{"line":27,"column":12},"end":{"line":27,"column":32}},"10":{"start":{"line":28,"column":12},"end":{"line":28,"column":19}},"11":{"start":{"line":30,"column":30},"end":{"line":30,"column":48}},"12":{"start":{"line":31,"column":20},"end":{"line":31,"column":22}},"13":{"start":{"line":32,"column":8},"end":{"line":44,"column":9}},"14":{"start":{"line":33,"column":22},"end":{"line":33,"column":93}},"15":{"start":{"line":34,"column":12},"end":{"line":36,"column":13}},"16":{"start":{"line":35,"column":16},"end":{"line":35,"column":23}},"17":{"start":{"line":37,"column":12},"end":{"line":43,"column":15}},"18":{"start":{"line":45,"column":8},"end":{"line":45,"column":22}},"19":{"start":{"line":48,"column":8},"end":{"line":48,"column":25}},"20":{"start":{"line":49,"column":8},"end":{"line":49,"column":28}},"21":{"start":{"line":52,"column":0},"end":{"line":77,"column":3}},"22":{"start":{"line":53,"column":4},"end":{"line":76,"column":5}},"23":{"start":{"line":54,"column":31},"end":{"line":54,"column":44}},"24":{"start":{"line":55,"column":21},"end":{"line":55,"column":29}},"25":{"start":{"line":56,"column":21},"end":{"line":56,"column":51}},"26":{"start":{"line":57,"column":8},"end":{"line":60,"column":9}},"27":{"start":{"line":58,"column":12},"end":{"line":58,"column":32}},"28":{"start":{"line":59,"column":12},"end":{"line":59,"column":19}},"29":{"start":{"line":61,"column":23},"end":{"line":66,"column":10}},"30":{"start":{"line":67,"column":8},"end":{"line":70,"column":9}},"31":{"start":{"line":68,"column":12},"end":{"line":68,"column":32}},"32":{"start":{"line":69,"column":12},"end":{"line":69,"column":19}},"33":{"start":{"line":71,"column":8},"end":{"line":71,"column":28}},"34":{"start":{"line":74,"column":8},"end":{"line":74,"column":25}},"35":{"start":{"line":75,"column":8},"end":{"line":75,"column":28}},"36":{"start":{"line":78,"column":0},"end":{"line":103,"column":3}},"37":{"start":{"line":79,"column":4},"end":{"line":102,"column":5}},"38":{"start":{"line":80,"column":31},"end":{"line":80,"column":44}},"39":{"start":{"line":81,"column":21},"end":{"line":81,"column":29}},"40":{"start":{"line":82,"column":23},"end":{"line":86,"column":10}},"41":{"start":{"line":87,"column":8},"end":{"line":90,"column":9}},"42":{"start":{"line":88,"column":12},"end":{"line":88,"column":32}},"43":{"start":{"line":89,"column":12},"end":{"line":89,"column":19}},"44":{"start":{"line":91,"column":22},"end":{"line":93,"column":10}},"45":{"start":{"line":94,"column":8},"end":{"line":96,"column":9}},"46":{"start":{"line":95,"column":12},"end":{"line":95,"column":65}},"47":{"start":{"line":97,"column":8},"end":{"line":97,"column":28}},"48":{"start":{"line":100,"column":8},"end":{"line":100,"column":25}},"49":{"start":{"line":101,"column":8},"end":{"line":101,"column":28}}},"fnMap":{"0":{"name":"sendNotification","decl":{"start":{"line":6,"column":22},"end":{"line":6,"column":38}},"loc":{"start":{"line":6,"column":75},"end":{"line":21,"column":1}},"line":6},"1":{"name":"(anonymous_1)","decl":{"start":{"line":22,"column":28},"end":{"line":22,"column":29}},"loc":{"start":{"line":22,"column":48},"end":{"line":51,"column":1}},"line":22},"2":{"name":"(anonymous_2)","decl":{"start":{"line":52,"column":33},"end":{"line":52,"column":34}},"loc":{"start":{"line":52,"column":53},"end":{"line":77,"column":1}},"line":52},"3":{"name":"(anonymous_3)","decl":{"start":{"line":78,"column":34},"end":{"line":78,"column":35}},"loc":{"start":{"line":78,"column":54},"end":{"line":103,"column":1}},"line":78}},"branchMap":{"0":{"loc":{"start":{"line":26,"column":8},"end":{"line":29,"column":9}},"type":"if","locations":[{"start":{"line":26,"column":8},"end":{"line":29,"column":9}},{"start":{},"end":{}}],"line":26},"1":{"loc":{"start":{"line":34,"column":12},"end":{"line":36,"column":13}},"type":"if","locations":[{"start":{"line":34,"column":12},"end":{"line":36,"column":13}},{"start":{},"end":{}}],"line":34},"2":{"loc":{"start":{"line":57,"column":8},"end":{"line":60,"column":9}},"type":"if","locations":[{"start":{"line":57,"column":8},"end":{"line":60,"column":9}},{"start":{},"end":{}}],"line":57},"3":{"loc":{"start":{"line":67,"column":8},"end":{"line":70,"column":9}},"type":"if","locations":[{"start":{"line":67,"column":8},"end":{"line":70,"column":9}},{"start":{},"end":{}}],"line":67},"4":{"loc":{"start":{"line":87,"column":8},"end":{"line":90,"column":9}},"type":"if","locations":[{"start":{"line":87,"column":8},"end":{"line":90,"column":9}},{"start":{},"end":{}}],"line":87},"5":{"loc":{"start":{"line":94,"column":8},"end":{"line":96,"column":9}},"type":"if","locations":[{"start":{"line":94,"column":8},"end":{"line":96,"column":9}},{"start":{},"end":{}}],"line":94}},"s":{"0":2,"1":0,"2":0,"3":0,"4":2,"5":0,"6":0,"7":0,"8":0,"9":0,"10":0,"11":0,"12":0,"13":0,"14":0,"15":0,"16":0,"17":0,"18":0,"19":0,"20":0,"21":2,"22":0,"23":0,"24":0,"25":0,"26":0,"27":0,"28":0,"29":0,"30":0,"31":0,"32":0,"33":0,"34":0,"35":0,"36":2,"37":0,"38":0,"39":0,"40":0,"41":0,"42":0,"43":0,"44":0,"45":0,"46":0,"47":0,"48":0,"49":0},"f":{"0":0,"1":0,"2":0,"3":0},"b":{"0":[0,0],"1":[0,0],"2":[0,0],"3":[0,0],"4":[0,0],"5":[0,0]},"_coverageSchema":"1a1c01bbd47fc00a2c39e90264f33305004495a9","hash":"afbd1ab56460b9d7a172261a10ce76d432251c77"}
,"/home/mmollis/WellFed/dist/src/modules/qrcode.js": {"path":"/home/mmollis/WellFed/dist/src/modules/qrcode.js","statementMap":{"0":{"start":{"line":12,"column":15},"end":{"line":12,"column":31}},"1":{"start":{"line":14,"column":0},"end":{"line":17,"column":30}},"2":{"start":{"line":15,"column":4},"end":{"line":15,"column":54}},"3":{"start":{"line":16,"column":4},"end":{"line":16,"column":46}},"4":{"start":{"line":24,"column":8},"end":{"line":24,"column":39}},"5":{"start":{"line":25,"column":8},"end":{"line":25,"column":55}},"6":{"start":{"line":26,"column":8},"end":{"line":26,"column":39}},"7":{"start":{"line":27,"column":8},"end":{"line":27,"column":29}},"8":{"start":{"line":35,"column":8},"end":{"line":35,"column":35}},"9":{"start":{"line":36,"column":8},"end":{"line":36,"column":31}},"10":{"start":{"line":37,"column":8},"end":{"line":37,"column":33}},"11":{"start":{"line":40,"column":20},"end":{"line":40,"column":22}},"12":{"start":{"line":42,"column":4},"end":{"line":42,"column":30}},"13":{"start":{"line":43,"column":4},"end":{"line":47,"column":24}},"14":{"start":{"line":44,"column":8},"end":{"line":46,"column":11}},"15":{"start":{"line":45,"column":12},"end":{"line":45,"column":30}},"16":{"start":{"line":49,"column":0},"end":{"line":75,"column":3}},"17":{"start":{"line":50,"column":4},"end":{"line":74,"column":5}},"18":{"start":{"line":51,"column":24},"end":{"line":51,"column":27}},"19":{"start":{"line":52,"column":22},"end":{"line":52,"column":30}},"20":{"start":{"line":53,"column":24},"end":{"line":53,"column":25}},"21":{"start":{"line":54,"column":8},"end":{"line":59,"column":9}},"22":{"start":{"line":55,"column":28},"end":{"line":55,"column":63}},"23":{"start":{"line":56,"column":12},"end":{"line":58,"column":13}},"24":{"start":{"line":57,"column":16},"end":{"line":57,"column":64}},"25":{"start":{"line":60,"column":24},"end":{"line":60,"column":75}},"26":{"start":{"line":61,"column":22},"end":{"line":61,"column":92}},"27":{"start":{"line":62,"column":8},"end":{"line":69,"column":11}},"28":{"start":{"line":63,"column":12},"end":{"line":66,"column":13}},"29":{"start":{"line":64,"column":16},"end":{"line":64,"column":35}},"30":{"start":{"line":65,"column":16},"end":{"line":65,"column":43}},"31":{"start":{"line":67,"column":12},"end":{"line":67,"column":35}},"32":{"start":{"line":68,"column":12},"end":{"line":68,"column":27}},"33":{"start":{"line":72,"column":8},"end":{"line":72,"column":25}},"34":{"start":{"line":73,"column":8},"end":{"line":73,"column":28}},"35":{"start":{"line":76,"column":0},"end":{"line":98,"column":3}},"36":{"start":{"line":77,"column":4},"end":{"line":97,"column":5}},"37":{"start":{"line":78,"column":24},"end":{"line":78,"column":27}},"38":{"start":{"line":79,"column":24},"end":{"line":79,"column":47}},"39":{"start":{"line":80,"column":8},"end":{"line":82,"column":9}},"40":{"start":{"line":81,"column":12},"end":{"line":81,"column":39}},"41":{"start":{"line":83,"column":24},"end":{"line":83,"column":62}},"42":{"start":{"line":84,"column":22},"end":{"line":84,"column":92}},"43":{"start":{"line":85,"column":8},"end":{"line":92,"column":11}},"44":{"start":{"line":86,"column":12},"end":{"line":89,"column":13}},"45":{"start":{"line":87,"column":16},"end":{"line":87,"column":35}},"46":{"start":{"line":88,"column":16},"end":{"line":88,"column":43}},"47":{"start":{"line":90,"column":12},"end":{"line":90,"column":35}},"48":{"start":{"line":91,"column":12},"end":{"line":91,"column":27}},"49":{"start":{"line":95,"column":8},"end":{"line":95,"column":25}},"50":{"start":{"line":96,"column":8},"end":{"line":96,"column":28}},"51":{"start":{"line":99,"column":0},"end":{"line":184,"column":3}},"52":{"start":{"line":100,"column":4},"end":{"line":183,"column":5}},"53":{"start":{"line":101,"column":24},"end":{"line":101,"column":27}},"54":{"start":{"line":102,"column":22},"end":{"line":102,"column":43}},"55":{"start":{"line":103,"column":24},"end":{"line":103,"column":66}},"56":{"start":{"line":104,"column":26},"end":{"line":104,"column":33}},"57":{"start":{"line":105,"column":8},"end":{"line":108,"column":9}},"58":{"start":{"line":106,"column":12},"end":{"line":106,"column":32}},"59":{"start":{"line":107,"column":12},"end":{"line":107,"column":19}},"60":{"start":{"line":109,"column":8},"end":{"line":174,"column":9}},"61":{"start":{"line":110,"column":29},"end":{"line":110,"column":44}},"62":{"start":{"line":111,"column":40},"end":{"line":113,"column":14}},"63":{"start":{"line":112,"column":16},"end":{"line":112,"column":70}},"64":{"start":{"line":114,"column":36},"end":{"line":116,"column":14}},"65":{"start":{"line":115,"column":16},"end":{"line":115,"column":33}},"66":{"start":{"line":117,"column":27},"end":{"line":117,"column":43}},"67":{"start":{"line":118,"column":27},"end":{"line":118,"column":48}},"68":{"start":{"line":119,"column":25},"end":{"line":122,"column":14}},"69":{"start":{"line":123,"column":12},"end":{"line":126,"column":13}},"70":{"start":{"line":124,"column":16},"end":{"line":124,"column":36}},"71":{"start":{"line":125,"column":16},"end":{"line":125,"column":23}},"72":{"start":{"line":127,"column":27},"end":{"line":127,"column":58}},"73":{"start":{"line":128,"column":12},"end":{"line":131,"column":13}},"74":{"start":{"line":129,"column":16},"end":{"line":129,"column":36}},"75":{"start":{"line":130,"column":16},"end":{"line":130,"column":23}},"76":{"start":{"line":132,"column":33},"end":{"line":132,"column":51}},"77":{"start":{"line":133,"column":30},"end":{"line":133,"column":59}},"78":{"start":{"line":134,"column":12},"end":{"line":134,"column":57}},"79":{"start":{"line":135,"column":12},"end":{"line":135,"column":26}},"80":{"start":{"line":136,"column":12},"end":{"line":139,"column":27}},"81":{"start":{"line":141,"column":13},"end":{"line":174,"column":9}},"82":{"start":{"line":142,"column":27},"end":{"line":142,"column":42}},"83":{"start":{"line":143,"column":29},"end":{"line":143,"column":47}},"84":{"start":{"line":144,"column":28},"end":{"line":144,"column":45}},"85":{"start":{"line":145,"column":25},"end":{"line":148,"column":14}},"86":{"start":{"line":149,"column":12},"end":{"line":152,"column":13}},"87":{"start":{"line":150,"column":16},"end":{"line":150,"column":36}},"88":{"start":{"line":151,"column":16},"end":{"line":151,"column":23}},"89":{"start":{"line":153,"column":26},"end":{"line":153,"column":55}},"90":{"start":{"line":154,"column":12},"end":{"line":157,"column":13}},"91":{"start":{"line":155,"column":16},"end":{"line":155,"column":36}},"92":{"start":{"line":156,"column":16},"end":{"line":156,"column":23}},"93":{"start":{"line":158,"column":27},"end":{"line":158,"column":58}},"94":{"start":{"line":159,"column":12},"end":{"line":162,"column":13}},"95":{"start":{"line":160,"column":16},"end":{"line":160,"column":36}},"96":{"start":{"line":161,"column":16},"end":{"line":161,"column":23}},"97":{"start":{"line":163,"column":30},"end":{"line":163,"column":48}},"98":{"start":{"line":164,"column":34},"end":{"line":164,"column":55}},"99":{"start":{"line":165,"column":12},"end":{"line":165,"column":64}},"100":{"start":{"line":166,"column":12},"end":{"line":166,"column":26}},"101":{"start":{"line":167,"column":12},"end":{"line":170,"column":27}},"102":{"start":{"line":173,"column":12},"end":{"line":173,"column":39}},"103":{"start":{"line":175,"column":8},"end":{"line":177,"column":11}},"104":{"start":{"line":176,"column":12},"end":{"line":176,"column":30}},"105":{"start":{"line":178,"column":8},"end":{"line":178,"column":28}},"106":{"start":{"line":181,"column":8},"end":{"line":181,"column":25}},"107":{"start":{"line":182,"column":8},"end":{"line":182,"column":28}}},"fnMap":{"0":{"name":"(anonymous_0)","decl":{"start":{"line":14,"column":1},"end":{"line":14,"column":2}},"loc":{"start":{"line":14,"column":20},"end":{"line":17,"column":1}},"line":14},"1":{"name":"(anonymous_1)","decl":{"start":{"line":23,"column":4},"end":{"line":23,"column":5}},"loc":{"start":{"line":23,"column":58},"end":{"line":28,"column":5}},"line":23},"2":{"name":"(anonymous_2)","decl":{"start":{"line":34,"column":4},"end":{"line":34,"column":5}},"loc":{"start":{"line":34,"column":35},"end":{"line":38,"column":5}},"line":34},"3":{"name":"addPendingToken","decl":{"start":{"line":41,"column":9},"end":{"line":41,"column":24}},"loc":{"start":{"line":41,"column":32},"end":{"line":48,"column":1}},"line":41},"4":{"name":"(anonymous_4)","decl":{"start":{"line":43,"column":15},"end":{"line":43,"column":16}},"loc":{"start":{"line":43,"column":21},"end":{"line":47,"column":5}},"line":43},"5":{"name":"(anonymous_5)","decl":{"start":{"line":44,"column":45},"end":{"line":44,"column":46}},"loc":{"start":{"line":44,"column":52},"end":{"line":46,"column":9}},"line":44},"6":{"name":"(anonymous_6)","decl":{"start":{"line":49,"column":43},"end":{"line":49,"column":44}},"loc":{"start":{"line":49,"column":63},"end":{"line":75,"column":1}},"line":49},"7":{"name":"(anonymous_7)","decl":{"start":{"line":62,"column":56},"end":{"line":62,"column":57}},"loc":{"start":{"line":62,"column":71},"end":{"line":69,"column":9}},"line":62},"8":{"name":"(anonymous_8)","decl":{"start":{"line":76,"column":40},"end":{"line":76,"column":41}},"loc":{"start":{"line":76,"column":54},"end":{"line":98,"column":1}},"line":76},"9":{"name":"(anonymous_9)","decl":{"start":{"line":85,"column":56},"end":{"line":85,"column":57}},"loc":{"start":{"line":85,"column":71},"end":{"line":92,"column":9}},"line":85},"10":{"name":"(anonymous_10)","decl":{"start":{"line":99,"column":24},"end":{"line":99,"column":25}},"loc":{"start":{"line":99,"column":44},"end":{"line":184,"column":1}},"line":99},"11":{"name":"(anonymous_11)","decl":{"start":{"line":111,"column":74},"end":{"line":111,"column":75}},"loc":{"start":{"line":111,"column":81},"end":{"line":113,"column":13}},"line":111},"12":{"name":"(anonymous_12)","decl":{"start":{"line":114,"column":60},"end":{"line":114,"column":61}},"loc":{"start":{"line":114,"column":65},"end":{"line":116,"column":13}},"line":114},"13":{"name":"(anonymous_13)","decl":{"start":{"line":175,"column":45},"end":{"line":175,"column":46}},"loc":{"start":{"line":175,"column":52},"end":{"line":177,"column":9}},"line":175}},"branchMap":{"0":{"loc":{"start":{"line":17,"column":3},"end":{"line":17,"column":28}},"type":"binary-expr","locations":[{"start":{"line":17,"column":3},"end":{"line":17,"column":10}},{"start":{"line":17,"column":15},"end":{"line":17,"column":27}}],"line":17},"1":{"loc":{"start":{"line":56,"column":12},"end":{"line":58,"column":13}},"type":"if","locations":[{"start":{"line":56,"column":12},"end":{"line":58,"column":13}},{"start":{},"end":{}}],"line":56},"2":{"loc":{"start":{"line":57,"column":30},"end":{"line":57,"column":49}},"type":"binary-expr","locations":[{"start":{"line":57,"column":30},"end":{"line":57,"column":44}},{"start":{"line":57,"column":48},"end":{"line":57,"column":49}}],"line":57},"3":{"loc":{"start":{"line":63,"column":12},"end":{"line":66,"column":13}},"type":"if","locations":[{"start":{"line":63,"column":12},"end":{"line":66,"column":13}},{"start":{},"end":{}}],"line":63},"4":{"loc":{"start":{"line":80,"column":8},"end":{"line":82,"column":9}},"type":"if","locations":[{"start":{"line":80,"column":8},"end":{"line":82,"column":9}},{"start":{},"end":{}}],"line":80},"5":{"loc":{"start":{"line":86,"column":12},"end":{"line":89,"column":13}},"type":"if","locations":[{"start":{"line":86,"column":12},"end":{"line":89,"column":13}},{"start":{},"end":{}}],"line":86},"6":{"loc":{"start":{"line":105,"column":8},"end":{"line":108,"column":9}},"type":"if","locations":[{"start":{"line":105,"column":8},"end":{"line":108,"column":9}},{"start":{},"end":{}}],"line":105},"7":{"loc":{"start":{"line":109,"column":8},"end":{"line":174,"column":9}},"type":"if","locations":[{"start":{"line":109,"column":8},"end":{"line":174,"column":9}},{"start":{"line":141,"column":13},"end":{"line":174,"column":9}}],"line":109},"8":{"loc":{"start":{"line":109,"column":12},"end":{"line":109,"column":71}},"type":"binary-expr","locations":[{"start":{"line":109,"column":12},"end":{"line":109,"column":48}},{"start":{"line":109,"column":52},"end":{"line":109,"column":71}}],"line":109},"9":{"loc":{"start":{"line":123,"column":12},"end":{"line":126,"column":13}},"type":"if","locations":[{"start":{"line":123,"column":12},"end":{"line":126,"column":13}},{"start":{},"end":{}}],"line":123},"10":{"loc":{"start":{"line":128,"column":12},"end":{"line":131,"column":13}},"type":"if","locations":[{"start":{"line":128,"column":12},"end":{"line":131,"column":13}},{"start":{},"end":{}}],"line":128},"11":{"loc":{"start":{"line":133,"column":30},"end":{"line":133,"column":59}},"type":"binary-expr","locations":[{"start":{"line":133,"column":30},"end":{"line":133,"column":54}},{"start":{"line":133,"column":58},"end":{"line":133,"column":59}}],"line":133},"12":{"loc":{"start":{"line":141,"column":13},"end":{"line":174,"column":9}},"type":"if","locations":[{"start":{"line":141,"column":13},"end":{"line":174,"column":9}},{"start":{"line":172,"column":13},"end":{"line":174,"column":9}}],"line":141},"13":{"loc":{"start":{"line":141,"column":17},"end":{"line":141,"column":73}},"type":"binary-expr","locations":[{"start":{"line":141,"column":17},"end":{"line":141,"column":49}},{"start":{"line":141,"column":53},"end":{"line":141,"column":73}}],"line":141},"14":{"loc":{"start":{"line":149,"column":12},"end":{"line":152,"column":13}},"type":"if","locations":[{"start":{"line":149,"column":12},"end":{"line":152,"column":13}},{"start":{},"end":{}}],"line":149},"15":{"loc":{"start":{"line":154,"column":12},"end":{"line":157,"column":13}},"type":"if","locations":[{"start":{"line":154,"column":12},"end":{"line":157,"column":13}},{"start":{},"end":{}}],"line":154},"16":{"loc":{"start":{"line":159,"column":12},"end":{"line":162,"column":13}},"type":"if","locations":[{"start":{"line":159,"column":12},"end":{"line":162,"column":13}},{"start":{},"end":{}}],"line":159}},"s":{"0":2,"1":2,"2":2,"3":2,"4":0,"5":0,"6":0,"7":0,"8":0,"9":0,"10":0,"11":2,"12":0,"13":0,"14":0,"15":0,"16":2,"17":0,"18":0,"19":0,"20":0,"21":0,"22":0,"23":0,"24":0,"25":0,"26":0,"27":0,"28":0,"29":0,"30":0,"31":0,"32":0,"33":0,"34":0,"35":2,"36":0,"37":0,"38":0,"39":0,"40":0,"41":0,"42":0,"43":0,"44":0,"45":0,"46":0,"47":0,"48":0,"49":0,"50":0,"51":2,"52":0,"53":0,"54":0,"55":0,"56":0,"57":0,"58":0,"59":0,"60":0,"61":0,"62":0,"63":0,"64":0,"65":0,"66":0,"67":0,"68":0,"69":0,"70":0,"71":0,"72":0,"73":0,"74":0,"75":0,"76":0,"77":0,"78":0,"79":0,"80":0,"81":0,"82":0,"83":0,"84":0,"85":0,"86":0,"87":0,"88":0,"89":0,"90":0,"91":0,"92":0,"93":0,"94":0,"95":0,"96":0,"97":0,"98":0,"99":0,"100":0,"101":0,"102":0,"103":0,"104":0,"105":0,"106":0,"107":0},"f":{"0":2,"1":0,"2":0,"3":0,"4":0,"5":0,"6":0,"7":0,"8":0,"9":0,"10":0,"11":0,"12":0,"13":0},"b":{"0":[2,2],"1":[0,0],"2":[0,0],"3":[0,0],"4":[0,0],"5":[0,0],"6":[0,0],"7":[0,0],"8":[0,0],"9":[0,0],"10":[0,0],"11":[0,0],"12":[0,0],"13":[0,0],"14":[0,0],"15":[0,0],"16":[0,0]},"_coverageSchema":"1a1c01bbd47fc00a2c39e90264f33305004495a9","hash":"d29d4555c81c3c296ab55b612c9b2dea68816be5"}
,"/home/mmollis/WellFed/dist/src/modules/registration.js": {"path":"/home/mmollis/WellFed/dist/src/modules/registration.js","statementMap":{"0":{"start":{"line":7,"column":15},"end":{"line":7,"column":31}},"1":{"start":{"line":8,"column":25},"end":{"line":8,"column":47}},"2":{"start":{"line":9,"column":24},"end":{"line":9,"column":39}},"3":{"start":{"line":10,"column":22},"end":{"line":10,"column":90}},"4":{"start":{"line":11,"column":0},"end":{"line":45,"column":3}},"5":{"start":{"line":12,"column":4},"end":{"line":44,"column":5}},"6":{"start":{"line":13,"column":25},"end":{"line":13,"column":49}},"7":{"start":{"line":14,"column":22},"end":{"line":14,"column":43}},"8":{"start":{"line":15,"column":25},"end":{"line":15,"column":49}},"9":{"start":{"line":16,"column":8},"end":{"line":18,"column":9}},"10":{"start":{"line":17,"column":12},"end":{"line":17,"column":39}},"11":{"start":{"line":19,"column":8},"end":{"line":21,"column":9}},"12":{"start":{"line":20,"column":12},"end":{"line":20,"column":39}},"13":{"start":{"line":22,"column":31},"end":{"line":22,"column":57}},"14":{"start":{"line":23,"column":23},"end":{"line":28,"column":10}},"15":{"start":{"line":29,"column":8},"end":{"line":32,"column":9}},"16":{"start":{"line":30,"column":12},"end":{"line":30,"column":32}},"17":{"start":{"line":31,"column":12},"end":{"line":31,"column":19}},"18":{"start":{"line":33,"column":8},"end":{"line":33,"column":28}},"19":{"start":{"line":34,"column":8},"end":{"line":34,"column":28}},"20":{"start":{"line":37,"column":8},"end":{"line":37,"column":25}},"21":{"start":{"line":38,"column":8},"end":{"line":43,"column":9}},"22":{"start":{"line":39,"column":12},"end":{"line":39,"column":32}},"23":{"start":{"line":42,"column":12},"end":{"line":42,"column":32}},"24":{"start":{"line":46,"column":0},"end":{"line":96,"column":3}},"25":{"start":{"line":47,"column":19},"end":{"line":47,"column":37}},"26":{"start":{"line":48,"column":4},"end":{"line":95,"column":5}},"27":{"start":{"line":49,"column":22},"end":{"line":49,"column":43}},"28":{"start":{"line":50,"column":23},"end":{"line":53,"column":10}},"29":{"start":{"line":54,"column":8},"end":{"line":56,"column":9}},"30":{"start":{"line":55,"column":12},"end":{"line":55,"column":39}},"31":{"start":{"line":57,"column":24},"end":{"line":57,"column":43}},"32":{"start":{"line":58,"column":8},"end":{"line":60,"column":9}},"33":{"start":{"line":59,"column":12},"end":{"line":59,"column":39}},"34":{"start":{"line":61,"column":22},"end":{"line":61,"column":38}},"35":{"start":{"line":62,"column":25},"end":{"line":62,"column":46}},"36":{"start":{"line":63,"column":8},"end":{"line":65,"column":9}},"37":{"start":{"line":64,"column":12},"end":{"line":64,"column":39}},"38":{"start":{"line":66,"column":21},"end":{"line":68,"column":10}},"39":{"start":{"line":69,"column":25},"end":{"line":71,"column":10}},"40":{"start":{"line":72,"column":8},"end":{"line":74,"column":9}},"41":{"start":{"line":73,"column":12},"end":{"line":73,"column":39}},"42":{"start":{"line":75,"column":8},"end":{"line":77,"column":9}},"43":{"start":{"line":76,"column":12},"end":{"line":76,"column":39}},"44":{"start":{"line":78,"column":26},"end":{"line":83,"column":10}},"45":{"start":{"line":84,"column":8},"end":{"line":84,"column":25}},"46":{"start":{"line":85,"column":8},"end":{"line":85,"column":28}},"47":{"start":{"line":88,"column":8},"end":{"line":88,"column":25}},"48":{"start":{"line":89,"column":8},"end":{"line":94,"column":9}},"49":{"start":{"line":90,"column":12},"end":{"line":90,"column":32}},"50":{"start":{"line":93,"column":12},"end":{"line":93,"column":32}},"51":{"start":{"line":97,"column":0},"end":{"line":149,"column":3}},"52":{"start":{"line":98,"column":4},"end":{"line":148,"column":5}},"53":{"start":{"line":99,"column":30},"end":{"line":99,"column":38}},"54":{"start":{"line":100,"column":21},"end":{"line":100,"column":41}},"55":{"start":{"line":101,"column":27},"end":{"line":101,"column":53}},"56":{"start":{"line":102,"column":24},"end":{"line":102,"column":47}},"57":{"start":{"line":103,"column":22},"end":{"line":103,"column":43}},"58":{"start":{"line":104,"column":25},"end":{"line":104,"column":49}},"59":{"start":{"line":105,"column":8},"end":{"line":108,"column":9}},"60":{"start":{"line":106,"column":12},"end":{"line":106,"column":32}},"61":{"start":{"line":107,"column":12},"end":{"line":107,"column":19}},"62":{"start":{"line":109,"column":8},"end":{"line":113,"column":9}},"63":{"start":{"line":110,"column":12},"end":{"line":110,"column":32}},"64":{"start":{"line":111,"column":12},"end":{"line":111,"column":49}},"65":{"start":{"line":112,"column":12},"end":{"line":112,"column":19}},"66":{"start":{"line":114,"column":8},"end":{"line":118,"column":9}},"67":{"start":{"line":115,"column":12},"end":{"line":115,"column":32}},"68":{"start":{"line":116,"column":12},"end":{"line":116,"column":49}},"69":{"start":{"line":117,"column":12},"end":{"line":117,"column":19}},"70":{"start":{"line":119,"column":8},"end":{"line":121,"column":9}},"71":{"start":{"line":120,"column":12},"end":{"line":120,"column":39}},"72":{"start":{"line":122,"column":8},"end":{"line":126,"column":9}},"73":{"start":{"line":123,"column":12},"end":{"line":123,"column":32}},"74":{"start":{"line":124,"column":12},"end":{"line":124,"column":49}},"75":{"start":{"line":125,"column":12},"end":{"line":125,"column":19}},"76":{"start":{"line":127,"column":31},"end":{"line":127,"column":57}},"77":{"start":{"line":128,"column":28},"end":{"line":135,"column":10}},"78":{"start":{"line":136,"column":8},"end":{"line":136,"column":33}},"79":{"start":{"line":137,"column":8},"end":{"line":137,"column":28}},"80":{"start":{"line":140,"column":8},"end":{"line":140,"column":25}},"81":{"start":{"line":141,"column":8},"end":{"line":141,"column":40}},"82":{"start":{"line":142,"column":8},"end":{"line":147,"column":9}},"83":{"start":{"line":143,"column":12},"end":{"line":143,"column":32}},"84":{"start":{"line":146,"column":12},"end":{"line":146,"column":32}}},"fnMap":{"0":{"name":"(anonymous_0)","decl":{"start":{"line":11,"column":23},"end":{"line":11,"column":24}},"loc":{"start":{"line":11,"column":43},"end":{"line":45,"column":1}},"line":11},"1":{"name":"(anonymous_1)","decl":{"start":{"line":46,"column":27},"end":{"line":46,"column":28}},"loc":{"start":{"line":46,"column":47},"end":{"line":96,"column":1}},"line":46},"2":{"name":"(anonymous_2)","decl":{"start":{"line":97,"column":77},"end":{"line":97,"column":78}},"loc":{"start":{"line":97,"column":97},"end":{"line":149,"column":1}},"line":97}},"branchMap":{"0":{"loc":{"start":{"line":16,"column":8},"end":{"line":18,"column":9}},"type":"if","locations":[{"start":{"line":16,"column":8},"end":{"line":18,"column":9}},{"start":{},"end":{}}],"line":16},"1":{"loc":{"start":{"line":16,"column":12},"end":{"line":16,"column":78}},"type":"binary-expr","locations":[{"start":{"line":16,"column":12},"end":{"line":16,"column":26}},{"start":{"line":16,"column":30},"end":{"line":16,"column":60}},{"start":{"line":16,"column":64},"end":{"line":16,"column":78}}],"line":16},"2":{"loc":{"start":{"line":19,"column":8},"end":{"line":21,"column":9}},"type":"if","locations":[{"start":{"line":19,"column":8},"end":{"line":21,"column":9}},{"start":{},"end":{}}],"line":19},"3":{"loc":{"start":{"line":29,"column":8},"end":{"line":32,"column":9}},"type":"if","locations":[{"start":{"line":29,"column":8},"end":{"line":32,"column":9}},{"start":{},"end":{}}],"line":29},"4":{"loc":{"start":{"line":29,"column":12},"end":{"line":29,"column":142}},"type":"binary-expr","locations":[{"start":{"line":29,"column":12},"end":{"line":29,"column":50}},{"start":{"line":29,"column":54},"end":{"line":29,"column":98}},{"start":{"line":29,"column":102},"end":{"line":29,"column":142}}],"line":29},"5":{"loc":{"start":{"line":38,"column":8},"end":{"line":43,"column":9}},"type":"if","locations":[{"start":{"line":38,"column":8},"end":{"line":43,"column":9}},{"start":{"line":41,"column":13},"end":{"line":43,"column":9}}],"line":38},"6":{"loc":{"start":{"line":54,"column":8},"end":{"line":56,"column":9}},"type":"if","locations":[{"start":{"line":54,"column":8},"end":{"line":56,"column":9}},{"start":{},"end":{}}],"line":54},"7":{"loc":{"start":{"line":58,"column":8},"end":{"line":60,"column":9}},"type":"if","locations":[{"start":{"line":58,"column":8},"end":{"line":60,"column":9}},{"start":{},"end":{}}],"line":58},"8":{"loc":{"start":{"line":63,"column":8},"end":{"line":65,"column":9}},"type":"if","locations":[{"start":{"line":63,"column":8},"end":{"line":65,"column":9}},{"start":{},"end":{}}],"line":63},"9":{"loc":{"start":{"line":63,"column":12},"end":{"line":63,"column":31}},"type":"binary-expr","locations":[{"start":{"line":63,"column":12},"end":{"line":63,"column":18}},{"start":{"line":63,"column":22},"end":{"line":63,"column":31}}],"line":63},"10":{"loc":{"start":{"line":72,"column":8},"end":{"line":74,"column":9}},"type":"if","locations":[{"start":{"line":72,"column":8},"end":{"line":74,"column":9}},{"start":{},"end":{}}],"line":72},"11":{"loc":{"start":{"line":72,"column":12},"end":{"line":72,"column":43}},"type":"binary-expr","locations":[{"start":{"line":72,"column":13},"end":{"line":72,"column":17}},{"start":{"line":72,"column":21},"end":{"line":72,"column":30}},{"start":{"line":72,"column":35},"end":{"line":72,"column":43}}],"line":72},"12":{"loc":{"start":{"line":75,"column":8},"end":{"line":77,"column":9}},"type":"if","locations":[{"start":{"line":75,"column":8},"end":{"line":77,"column":9}},{"start":{},"end":{}}],"line":75},"13":{"loc":{"start":{"line":75,"column":12},"end":{"line":75,"column":28}},"type":"binary-expr","locations":[{"start":{"line":75,"column":12},"end":{"line":75,"column":16}},{"start":{"line":75,"column":20},"end":{"line":75,"column":28}}],"line":75},"14":{"loc":{"start":{"line":89,"column":8},"end":{"line":94,"column":9}},"type":"if","locations":[{"start":{"line":89,"column":8},"end":{"line":94,"column":9}},{"start":{"line":92,"column":13},"end":{"line":94,"column":9}}],"line":89},"15":{"loc":{"start":{"line":105,"column":8},"end":{"line":108,"column":9}},"type":"if","locations":[{"start":{"line":105,"column":8},"end":{"line":108,"column":9}},{"start":{},"end":{}}],"line":105},"16":{"loc":{"start":{"line":109,"column":8},"end":{"line":113,"column":9}},"type":"if","locations":[{"start":{"line":109,"column":8},"end":{"line":113,"column":9}},{"start":{},"end":{}}],"line":109},"17":{"loc":{"start":{"line":109,"column":12},"end":{"line":109,"column":111}},"type":"binary-expr","locations":[{"start":{"line":109,"column":12},"end":{"line":109,"column":22}},{"start":{"line":109,"column":26},"end":{"line":109,"column":42}},{"start":{"line":109,"column":46},"end":{"line":109,"column":59}},{"start":{"line":109,"column":63},"end":{"line":109,"column":93}},{"start":{"line":109,"column":97},"end":{"line":109,"column":111}}],"line":109},"18":{"loc":{"start":{"line":114,"column":8},"end":{"line":118,"column":9}},"type":"if","locations":[{"start":{"line":114,"column":8},"end":{"line":118,"column":9}},{"start":{},"end":{}}],"line":114},"19":{"loc":{"start":{"line":119,"column":8},"end":{"line":121,"column":9}},"type":"if","locations":[{"start":{"line":119,"column":8},"end":{"line":121,"column":9}},{"start":{},"end":{}}],"line":119},"20":{"loc":{"start":{"line":122,"column":8},"end":{"line":126,"column":9}},"type":"if","locations":[{"start":{"line":122,"column":8},"end":{"line":126,"column":9}},{"start":{},"end":{}}],"line":122},"21":{"loc":{"start":{"line":122,"column":12},"end":{"line":122,"column":172}},"type":"binary-expr","locations":[{"start":{"line":122,"column":12},"end":{"line":122,"column":67}},{"start":{"line":122,"column":71},"end":{"line":122,"column":128}},{"start":{"line":122,"column":133},"end":{"line":122,"column":171}}],"line":122},"22":{"loc":{"start":{"line":142,"column":8},"end":{"line":147,"column":9}},"type":"if","locations":[{"start":{"line":142,"column":8},"end":{"line":147,"column":9}},{"start":{"line":145,"column":13},"end":{"line":147,"column":9}}],"line":142}},"s":{"0":2,"1":2,"2":2,"3":2,"4":2,"5":4,"6":4,"7":4,"8":4,"9":4,"10":1,"11":3,"12":1,"13":2,"14":2,"15":2,"16":1,"17":1,"18":1,"19":1,"20":0,"21":0,"22":0,"23":0,"24":2,"25":0,"26":0,"27":0,"28":0,"29":0,"30":0,"31":0,"32":0,"33":0,"34":0,"35":0,"36":0,"37":0,"38":0,"39":0,"40":0,"41":0,"42":0,"43":0,"44":0,"45":0,"46":0,"47":0,"48":0,"49":0,"50":0,"51":2,"52":0,"53":0,"54":0,"55":0,"56":0,"57":0,"58":0,"59":0,"60":0,"61":0,"62":0,"63":0,"64":0,"65":0,"66":0,"67":0,"68":0,"69":0,"70":0,"71":0,"72":0,"73":0,"74":0,"75":0,"76":0,"77":0,"78":0,"79":0,"80":0,"81":0,"82":0,"83":0,"84":0},"f":{"0":4,"1":0,"2":0},"b":{"0":[1,3],"1":[4,4,3],"2":[1,2],"3":[1,1],"4":[2,1,1],"5":[0,0],"6":[0,0],"7":[0,0],"8":[0,0],"9":[0,0],"10":[0,0],"11":[0,0,0],"12":[0,0],"13":[0,0],"14":[0,0],"15":[0,0],"16":[0,0],"17":[0,0,0,0,0],"18":[0,0],"19":[0,0],"20":[0,0],"21":[0,0,0],"22":[0,0]},"_coverageSchema":"1a1c01bbd47fc00a2c39e90264f33305004495a9","hash":"ccde992e46b78c9d3061e3c6c19b774bc6887069"}
,"/home/mmollis/WellFed/dist/src/modules/ricerca.js": {"path":"/home/mmollis/WellFed/dist/src/modules/ricerca.js","statementMap":{"0":{"start":{"line":4,"column":15},"end":{"line":4,"column":31}},"1":{"start":{"line":6,"column":0},"end":{"line":9,"column":40}},"2":{"start":{"line":7,"column":4},"end":{"line":7,"column":41}},"3":{"start":{"line":8,"column":4},"end":{"line":8,"column":35}},"4":{"start":{"line":13,"column":20},"end":{"line":16,"column":1}},"5":{"start":{"line":17,"column":0},"end":{"line":60,"column":3}},"6":{"start":{"line":18,"column":4},"end":{"line":59,"column":5}},"7":{"start":{"line":19,"column":22},"end":{"line":19,"column":37}},"8":{"start":{"line":20,"column":23},"end":{"line":20,"column":39}},"9":{"start":{"line":21,"column":8},"end":{"line":24,"column":9}},"10":{"start":{"line":22,"column":12},"end":{"line":22,"column":34}},"11":{"start":{"line":23,"column":12},"end":{"line":23,"column":19}},"12":{"start":{"line":25,"column":28},"end":{"line":25,"column":55}},"13":{"start":{"line":26,"column":20},"end":{"line":26,"column":38}},"14":{"start":{"line":27,"column":8},"end":{"line":41,"column":9}},"15":{"start":{"line":28,"column":12},"end":{"line":40,"column":15}},"16":{"start":{"line":31,"column":16},"end":{"line":39,"column":18}},"17":{"start":{"line":42,"column":8},"end":{"line":53,"column":9}},"18":{"start":{"line":43,"column":12},"end":{"line":52,"column":15}},"19":{"start":{"line":46,"column":16},"end":{"line":51,"column":18}},"20":{"start":{"line":54,"column":8},"end":{"line":54,"column":22}},"21":{"start":{"line":57,"column":8},"end":{"line":57,"column":25}},"22":{"start":{"line":58,"column":8},"end":{"line":58,"column":28}}},"fnMap":{"0":{"name":"(anonymous_0)","decl":{"start":{"line":6,"column":1},"end":{"line":6,"column":2}},"loc":{"start":{"line":6,"column":25},"end":{"line":9,"column":1}},"line":6},"1":{"name":"(anonymous_1)","decl":{"start":{"line":17,"column":16},"end":{"line":17,"column":17}},"loc":{"start":{"line":17,"column":36},"end":{"line":60,"column":1}},"line":17},"2":{"name":"(anonymous_2)","decl":{"start":{"line":30,"column":20},"end":{"line":30,"column":21}},"loc":{"start":{"line":30,"column":25},"end":{"line":40,"column":13}},"line":30},"3":{"name":"(anonymous_3)","decl":{"start":{"line":45,"column":20},"end":{"line":45,"column":21}},"loc":{"start":{"line":45,"column":25},"end":{"line":52,"column":13}},"line":45}},"branchMap":{"0":{"loc":{"start":{"line":9,"column":3},"end":{"line":9,"column":38}},"type":"binary-expr","locations":[{"start":{"line":9,"column":3},"end":{"line":9,"column":15}},{"start":{"line":9,"column":20},"end":{"line":9,"column":37}}],"line":9},"1":{"loc":{"start":{"line":21,"column":8},"end":{"line":24,"column":9}},"type":"if","locations":[{"start":{"line":21,"column":8},"end":{"line":24,"column":9}},{"start":{},"end":{}}],"line":21},"2":{"loc":{"start":{"line":27,"column":8},"end":{"line":41,"column":9}},"type":"if","locations":[{"start":{"line":27,"column":8},"end":{"line":41,"column":9}},{"start":{},"end":{}}],"line":27},"3":{"loc":{"start":{"line":27,"column":12},"end":{"line":27,"column":53}},"type":"binary-expr","locations":[{"start":{"line":27,"column":12},"end":{"line":27,"column":19}},{"start":{"line":27,"column":23},"end":{"line":27,"column":53}}],"line":27},"4":{"loc":{"start":{"line":42,"column":8},"end":{"line":53,"column":9}},"type":"if","locations":[{"start":{"line":42,"column":8},"end":{"line":53,"column":9}},{"start":{},"end":{}}],"line":42},"5":{"loc":{"start":{"line":42,"column":12},"end":{"line":42,"column":50}},"type":"binary-expr","locations":[{"start":{"line":42,"column":12},"end":{"line":42,"column":19}},{"start":{"line":42,"column":23},"end":{"line":42,"column":50}}],"line":42}},"s":{"0":2,"1":2,"2":2,"3":2,"4":2,"5":2,"6":0,"7":0,"8":0,"9":0,"10":0,"11":0,"12":0,"13":0,"14":0,"15":0,"16":0,"17":0,"18":0,"19":0,"20":0,"21":0,"22":0},"f":{"0":2,"1":0,"2":0,"3":0},"b":{"0":[2,2],"1":[0,0],"2":[0,0],"3":[0,0],"4":[0,0],"5":[0,0]},"_coverageSchema":"1a1c01bbd47fc00a2c39e90264f33305004495a9","hash":"3cdf63fda319613e6c57e6d97be23e21d365dd36"}
,"/home/mmollis/WellFed/dist/src/modules/shops.js": {"path":"/home/mmollis/WellFed/dist/src/modules/shops.js","statementMap":{"0":{"start":{"line":5,"column":15},"end":{"line":5,"column":31}},"1":{"start":{"line":6,"column":18},"end":{"line":6,"column":35}},"2":{"start":{"line":7,"column":0},"end":{"line":28,"column":3}},"3":{"start":{"line":8,"column":4},"end":{"line":27,"column":5}},"4":{"start":{"line":9,"column":22},"end":{"line":9,"column":50}},"5":{"start":{"line":10,"column":8},"end":{"line":17,"column":12}},"6":{"start":{"line":11,"column":12},"end":{"line":16,"column":14}},"7":{"start":{"line":20,"column":8},"end":{"line":20,"column":25}},"8":{"start":{"line":21,"column":8},"end":{"line":26,"column":9}},"9":{"start":{"line":22,"column":12},"end":{"line":22,"column":32}},"10":{"start":{"line":25,"column":12},"end":{"line":25,"column":32}},"11":{"start":{"line":29,"column":0},"end":{"line":52,"column":3}},"12":{"start":{"line":30,"column":4},"end":{"line":51,"column":5}},"13":{"start":{"line":31,"column":21},"end":{"line":31,"column":70}},"14":{"start":{"line":32,"column":8},"end":{"line":35,"column":9}},"15":{"start":{"line":33,"column":12},"end":{"line":33,"column":32}},"16":{"start":{"line":34,"column":12},"end":{"line":34,"column":19}},"17":{"start":{"line":36,"column":8},"end":{"line":41,"column":11}},"18":{"start":{"line":44,"column":8},"end":{"line":44,"column":25}},"19":{"start":{"line":45,"column":8},"end":{"line":50,"column":9}},"20":{"start":{"line":46,"column":12},"end":{"line":46,"column":32}},"21":{"start":{"line":49,"column":12},"end":{"line":49,"column":32}},"22":{"start":{"line":53,"column":0},"end":{"line":88,"column":3}},"23":{"start":{"line":54,"column":4},"end":{"line":87,"column":5}},"24":{"start":{"line":55,"column":21},"end":{"line":55,"column":70}},"25":{"start":{"line":56,"column":8},"end":{"line":59,"column":9}},"26":{"start":{"line":57,"column":12},"end":{"line":57,"column":32}},"27":{"start":{"line":58,"column":12},"end":{"line":58,"column":19}},"28":{"start":{"line":60,"column":32},"end":{"line":62,"column":10}},"29":{"start":{"line":61,"column":12},"end":{"line":61,"column":55}},"30":{"start":{"line":63,"column":33},"end":{"line":63,"column":67}},"31":{"start":{"line":64,"column":8},"end":{"line":77,"column":12}},"32":{"start":{"line":66,"column":12},"end":{"line":66,"column":36}},"33":{"start":{"line":69,"column":12},"end":{"line":76,"column":14}},"34":{"start":{"line":80,"column":8},"end":{"line":80,"column":25}},"35":{"start":{"line":81,"column":8},"end":{"line":86,"column":9}},"36":{"start":{"line":82,"column":12},"end":{"line":82,"column":32}},"37":{"start":{"line":85,"column":12},"end":{"line":85,"column":32}},"38":{"start":{"line":89,"column":0},"end":{"line":123,"column":3}},"39":{"start":{"line":90,"column":4},"end":{"line":122,"column":5}},"40":{"start":{"line":91,"column":38},"end":{"line":91,"column":48}},"41":{"start":{"line":92,"column":21},"end":{"line":95,"column":17}},"42":{"start":{"line":96,"column":8},"end":{"line":99,"column":9}},"43":{"start":{"line":97,"column":12},"end":{"line":97,"column":32}},"44":{"start":{"line":98,"column":12},"end":{"line":98,"column":19}},"45":{"start":{"line":100,"column":24},"end":{"line":100,"column":64}},"46":{"start":{"line":101,"column":8},"end":{"line":104,"column":9}},"47":{"start":{"line":102,"column":12},"end":{"line":102,"column":32}},"48":{"start":{"line":103,"column":12},"end":{"line":103,"column":19}},"49":{"start":{"line":105,"column":8},"end":{"line":112,"column":11}},"50":{"start":{"line":115,"column":8},"end":{"line":115,"column":25}},"51":{"start":{"line":116,"column":8},"end":{"line":121,"column":9}},"52":{"start":{"line":117,"column":12},"end":{"line":117,"column":32}},"53":{"start":{"line":120,"column":12},"end":{"line":120,"column":32}},"54":{"start":{"line":124,"column":0},"end":{"line":158,"column":3}},"55":{"start":{"line":125,"column":4},"end":{"line":157,"column":5}},"56":{"start":{"line":126,"column":21},"end":{"line":126,"column":70}},"57":{"start":{"line":127,"column":8},"end":{"line":130,"column":9}},"58":{"start":{"line":128,"column":12},"end":{"line":128,"column":32}},"59":{"start":{"line":129,"column":12},"end":{"line":129,"column":19}},"60":{"start":{"line":131,"column":31},"end":{"line":133,"column":10}},"61":{"start":{"line":132,"column":12},"end":{"line":132,"column":51}},"62":{"start":{"line":134,"column":31},"end":{"line":134,"column":64}},"63":{"start":{"line":135,"column":8},"end":{"line":147,"column":12}},"64":{"start":{"line":137,"column":12},"end":{"line":137,"column":34}},"65":{"start":{"line":140,"column":12},"end":{"line":146,"column":14}},"66":{"start":{"line":150,"column":8},"end":{"line":150,"column":25}},"67":{"start":{"line":151,"column":8},"end":{"line":156,"column":9}},"68":{"start":{"line":152,"column":12},"end":{"line":152,"column":32}},"69":{"start":{"line":155,"column":12},"end":{"line":155,"column":32}},"70":{"start":{"line":159,"column":0},"end":{"line":192,"column":3}},"71":{"start":{"line":160,"column":4},"end":{"line":191,"column":5}},"72":{"start":{"line":161,"column":36},"end":{"line":161,"column":46}},"73":{"start":{"line":162,"column":21},"end":{"line":165,"column":17}},"74":{"start":{"line":166,"column":8},"end":{"line":169,"column":9}},"75":{"start":{"line":167,"column":12},"end":{"line":167,"column":32}},"76":{"start":{"line":168,"column":12},"end":{"line":168,"column":19}},"77":{"start":{"line":170,"column":22},"end":{"line":170,"column":58}},"78":{"start":{"line":171,"column":8},"end":{"line":174,"column":9}},"79":{"start":{"line":172,"column":12},"end":{"line":172,"column":32}},"80":{"start":{"line":173,"column":12},"end":{"line":173,"column":19}},"81":{"start":{"line":175,"column":8},"end":{"line":181,"column":11}},"82":{"start":{"line":184,"column":8},"end":{"line":184,"column":25}},"83":{"start":{"line":185,"column":8},"end":{"line":190,"column":9}},"84":{"start":{"line":186,"column":12},"end":{"line":186,"column":32}},"85":{"start":{"line":189,"column":12},"end":{"line":189,"column":32}}},"fnMap":{"0":{"name":"(anonymous_0)","decl":{"start":{"line":7,"column":15},"end":{"line":7,"column":16}},"loc":{"start":{"line":7,"column":35},"end":{"line":28,"column":1}},"line":7},"1":{"name":"(anonymous_1)","decl":{"start":{"line":10,"column":27},"end":{"line":10,"column":28}},"loc":{"start":{"line":10,"column":37},"end":{"line":17,"column":9}},"line":10},"2":{"name":"(anonymous_2)","decl":{"start":{"line":29,"column":23},"end":{"line":29,"column":24}},"loc":{"start":{"line":29,"column":43},"end":{"line":52,"column":1}},"line":29},"3":{"name":"(anonymous_3)","decl":{"start":{"line":53,"column":32},"end":{"line":53,"column":33}},"loc":{"start":{"line":53,"column":52},"end":{"line":88,"column":1}},"line":53},"4":{"name":"(anonymous_4)","decl":{"start":{"line":60,"column":50},"end":{"line":60,"column":51}},"loc":{"start":{"line":60,"column":66},"end":{"line":62,"column":9}},"line":60},"5":{"name":"(anonymous_5)","decl":{"start":{"line":65,"column":20},"end":{"line":65,"column":21}},"loc":{"start":{"line":65,"column":33},"end":{"line":67,"column":9}},"line":65},"6":{"name":"(anonymous_6)","decl":{"start":{"line":68,"column":17},"end":{"line":68,"column":18}},"loc":{"start":{"line":68,"column":30},"end":{"line":77,"column":9}},"line":68},"7":{"name":"(anonymous_7)","decl":{"start":{"line":89,"column":43},"end":{"line":89,"column":44}},"loc":{"start":{"line":89,"column":63},"end":{"line":123,"column":1}},"line":89},"8":{"name":"(anonymous_8)","decl":{"start":{"line":124,"column":30},"end":{"line":124,"column":31}},"loc":{"start":{"line":124,"column":50},"end":{"line":158,"column":1}},"line":124},"9":{"name":"(anonymous_9)","decl":{"start":{"line":131,"column":47},"end":{"line":131,"column":48}},"loc":{"start":{"line":131,"column":61},"end":{"line":133,"column":9}},"line":131},"10":{"name":"(anonymous_10)","decl":{"start":{"line":136,"column":20},"end":{"line":136,"column":21}},"loc":{"start":{"line":136,"column":31},"end":{"line":138,"column":9}},"line":136},"11":{"name":"(anonymous_11)","decl":{"start":{"line":139,"column":17},"end":{"line":139,"column":18}},"loc":{"start":{"line":139,"column":28},"end":{"line":147,"column":9}},"line":139},"12":{"name":"(anonymous_12)","decl":{"start":{"line":159,"column":39},"end":{"line":159,"column":40}},"loc":{"start":{"line":159,"column":59},"end":{"line":192,"column":1}},"line":159}},"branchMap":{"0":{"loc":{"start":{"line":21,"column":8},"end":{"line":26,"column":9}},"type":"if","locations":[{"start":{"line":21,"column":8},"end":{"line":26,"column":9}},{"start":{"line":24,"column":13},"end":{"line":26,"column":9}}],"line":21},"1":{"loc":{"start":{"line":32,"column":8},"end":{"line":35,"column":9}},"type":"if","locations":[{"start":{"line":32,"column":8},"end":{"line":35,"column":9}},{"start":{},"end":{}}],"line":32},"2":{"loc":{"start":{"line":45,"column":8},"end":{"line":50,"column":9}},"type":"if","locations":[{"start":{"line":45,"column":8},"end":{"line":50,"column":9}},{"start":{"line":48,"column":13},"end":{"line":50,"column":9}}],"line":45},"3":{"loc":{"start":{"line":56,"column":8},"end":{"line":59,"column":9}},"type":"if","locations":[{"start":{"line":56,"column":8},"end":{"line":59,"column":9}},{"start":{},"end":{}}],"line":56},"4":{"loc":{"start":{"line":81,"column":8},"end":{"line":86,"column":9}},"type":"if","locations":[{"start":{"line":81,"column":8},"end":{"line":86,"column":9}},{"start":{"line":84,"column":13},"end":{"line":86,"column":9}}],"line":81},"5":{"loc":{"start":{"line":96,"column":8},"end":{"line":99,"column":9}},"type":"if","locations":[{"start":{"line":96,"column":8},"end":{"line":99,"column":9}},{"start":{},"end":{}}],"line":96},"6":{"loc":{"start":{"line":101,"column":8},"end":{"line":104,"column":9}},"type":"if","locations":[{"start":{"line":101,"column":8},"end":{"line":104,"column":9}},{"start":{},"end":{}}],"line":101},"7":{"loc":{"start":{"line":116,"column":8},"end":{"line":121,"column":9}},"type":"if","locations":[{"start":{"line":116,"column":8},"end":{"line":121,"column":9}},{"start":{"line":119,"column":13},"end":{"line":121,"column":9}}],"line":116},"8":{"loc":{"start":{"line":127,"column":8},"end":{"line":130,"column":9}},"type":"if","locations":[{"start":{"line":127,"column":8},"end":{"line":130,"column":9}},{"start":{},"end":{}}],"line":127},"9":{"loc":{"start":{"line":151,"column":8},"end":{"line":156,"column":9}},"type":"if","locations":[{"start":{"line":151,"column":8},"end":{"line":156,"column":9}},{"start":{"line":154,"column":13},"end":{"line":156,"column":9}}],"line":151},"10":{"loc":{"start":{"line":166,"column":8},"end":{"line":169,"column":9}},"type":"if","locations":[{"start":{"line":166,"column":8},"end":{"line":169,"column":9}},{"start":{},"end":{}}],"line":166},"11":{"loc":{"start":{"line":171,"column":8},"end":{"line":174,"column":9}},"type":"if","locations":[{"start":{"line":171,"column":8},"end":{"line":174,"column":9}},{"start":{},"end":{}}],"line":171},"12":{"loc":{"start":{"line":185,"column":8},"end":{"line":190,"column":9}},"type":"if","locations":[{"start":{"line":185,"column":8},"end":{"line":190,"column":9}},{"start":{"line":188,"column":13},"end":{"line":190,"column":9}}],"line":185}},"s":{"0":2,"1":2,"2":2,"3":1,"4":1,"5":1,"6":1,"7":0,"8":0,"9":0,"10":0,"11":2,"12":0,"13":0,"14":0,"15":0,"16":0,"17":0,"18":0,"19":0,"20":0,"21":0,"22":2,"23":0,"24":0,"25":0,"26":0,"27":0,"28":0,"29":0,"30":0,"31":0,"32":0,"33":0,"34":0,"35":0,"36":0,"37":0,"38":2,"39":0,"40":0,"41":0,"42":0,"43":0,"44":0,"45":0,"46":0,"47":0,"48":0,"49":0,"50":0,"51":0,"52":0,"53":0,"54":2,"55":0,"56":0,"57":0,"58":0,"59":0,"60":0,"61":0,"62":0,"63":0,"64":0,"65":0,"66":0,"67":0,"68":0,"69":0,"70":2,"71":0,"72":0,"73":0,"74":0,"75":0,"76":0,"77":0,"78":0,"79":0,"80":0,"81":0,"82":0,"83":0,"84":0,"85":0},"f":{"0":1,"1":1,"2":0,"3":0,"4":0,"5":0,"6":0,"7":0,"8":0,"9":0,"10":0,"11":0,"12":0},"b":{"0":[0,0],"1":[0,0],"2":[0,0],"3":[0,0],"4":[0,0],"5":[0,0],"6":[0,0],"7":[0,0],"8":[0,0],"9":[0,0],"10":[0,0],"11":[0,0],"12":[0,0]},"_coverageSchema":"1a1c01bbd47fc00a2c39e90264f33305004495a9","hash":"8796bfe11969bfe0c5ee9eb9b98992e3afb19912"}
,"/home/mmollis/WellFed/dist/src/modules/shopsAuth.js": {"path":"/home/mmollis/WellFed/dist/src/modules/shopsAuth.js","statementMap":{"0":{"start":{"line":6,"column":15},"end":{"line":6,"column":31}},"1":{"start":{"line":7,"column":0},"end":{"line":45,"column":3}},"2":{"start":{"line":8,"column":4},"end":{"line":44,"column":5}},"3":{"start":{"line":9,"column":30},"end":{"line":9,"column":38}},"4":{"start":{"line":10,"column":21},"end":{"line":10,"column":41}},"5":{"start":{"line":11,"column":28},"end":{"line":11,"column":55}},"6":{"start":{"line":12,"column":23},"end":{"line":12,"column":45}},"7":{"start":{"line":13,"column":23},"end":{"line":13,"column":43}},"8":{"start":{"line":14,"column":8},"end":{"line":17,"column":9}},"9":{"start":{"line":15,"column":12},"end":{"line":15,"column":32}},"10":{"start":{"line":16,"column":12},"end":{"line":16,"column":19}},"11":{"start":{"line":18,"column":8},"end":{"line":22,"column":9}},"12":{"start":{"line":19,"column":12},"end":{"line":19,"column":32}},"13":{"start":{"line":20,"column":12},"end":{"line":20,"column":49}},"14":{"start":{"line":21,"column":12},"end":{"line":21,"column":19}},"15":{"start":{"line":23,"column":27},"end":{"line":30,"column":10}},"16":{"start":{"line":31,"column":8},"end":{"line":31,"column":32}},"17":{"start":{"line":32,"column":8},"end":{"line":32,"column":108}},"18":{"start":{"line":33,"column":8},"end":{"line":33,"column":28}},"19":{"start":{"line":36,"column":8},"end":{"line":36,"column":25}},"20":{"start":{"line":37,"column":8},"end":{"line":37,"column":40}},"21":{"start":{"line":38,"column":8},"end":{"line":43,"column":9}},"22":{"start":{"line":39,"column":12},"end":{"line":39,"column":32}},"23":{"start":{"line":42,"column":12},"end":{"line":42,"column":32}},"24":{"start":{"line":46,"column":0},"end":{"line":107,"column":3}},"25":{"start":{"line":47,"column":4},"end":{"line":106,"column":5}},"26":{"start":{"line":48,"column":30},"end":{"line":48,"column":38}},"27":{"start":{"line":49,"column":38},"end":{"line":49,"column":48}},"28":{"start":{"line":50,"column":54},"end":{"line":50,"column":62}},"29":{"start":{"line":51,"column":21},"end":{"line":54,"column":17}},"30":{"start":{"line":55,"column":8},"end":{"line":59,"column":9}},"31":{"start":{"line":56,"column":12},"end":{"line":56,"column":32}},"32":{"start":{"line":57,"column":12},"end":{"line":57,"column":49}},"33":{"start":{"line":58,"column":12},"end":{"line":58,"column":19}},"34":{"start":{"line":60,"column":31},"end":{"line":60,"column":71}},"35":{"start":{"line":61,"column":8},"end":{"line":65,"column":9}},"36":{"start":{"line":62,"column":12},"end":{"line":62,"column":32}},"37":{"start":{"line":63,"column":12},"end":{"line":63,"column":49}},"38":{"start":{"line":64,"column":12},"end":{"line":64,"column":19}},"39":{"start":{"line":66,"column":27},"end":{"line":76,"column":9}},"40":{"start":{"line":67,"column":12},"end":{"line":75,"column":13}},"41":{"start":{"line":68,"column":16},"end":{"line":68,"column":37}},"42":{"start":{"line":69,"column":16},"end":{"line":73,"column":17}},"43":{"start":{"line":70,"column":20},"end":{"line":70,"column":40}},"44":{"start":{"line":71,"column":20},"end":{"line":71,"column":57}},"45":{"start":{"line":72,"column":20},"end":{"line":72,"column":27}},"46":{"start":{"line":74,"column":16},"end":{"line":74,"column":38}},"47":{"start":{"line":77,"column":38},"end":{"line":81,"column":9}},"48":{"start":{"line":78,"column":12},"end":{"line":80,"column":14}},"49":{"start":{"line":79,"column":16},"end":{"line":79,"column":100}},"50":{"start":{"line":82,"column":8},"end":{"line":82,"column":56}},"51":{"start":{"line":83,"column":8},"end":{"line":83,"column":70}},"52":{"start":{"line":84,"column":8},"end":{"line":84,"column":60}},"53":{"start":{"line":85,"column":8},"end":{"line":87,"column":9}},"54":{"start":{"line":86,"column":12},"end":{"line":86,"column":43}},"55":{"start":{"line":88,"column":8},"end":{"line":93,"column":9}},"56":{"start":{"line":89,"column":12},"end":{"line":91,"column":13}},"57":{"start":{"line":90,"column":16},"end":{"line":90,"column":82}},"58":{"start":{"line":92,"column":12},"end":{"line":92,"column":58}},"59":{"start":{"line":94,"column":8},"end":{"line":94,"column":36}},"60":{"start":{"line":95,"column":8},"end":{"line":95,"column":28}},"61":{"start":{"line":98,"column":8},"end":{"line":98,"column":25}},"62":{"start":{"line":99,"column":8},"end":{"line":99,"column":40}},"63":{"start":{"line":100,"column":8},"end":{"line":105,"column":9}},"64":{"start":{"line":101,"column":12},"end":{"line":101,"column":32}},"65":{"start":{"line":104,"column":12},"end":{"line":104,"column":32}},"66":{"start":{"line":108,"column":0},"end":{"line":148,"column":3}},"67":{"start":{"line":109,"column":4},"end":{"line":147,"column":5}},"68":{"start":{"line":110,"column":38},"end":{"line":110,"column":48}},"69":{"start":{"line":111,"column":21},"end":{"line":114,"column":17}},"70":{"start":{"line":115,"column":8},"end":{"line":118,"column":9}},"71":{"start":{"line":116,"column":12},"end":{"line":116,"column":32}},"72":{"start":{"line":117,"column":12},"end":{"line":117,"column":19}},"73":{"start":{"line":119,"column":24},"end":{"line":119,"column":57}},"74":{"start":{"line":120,"column":8},"end":{"line":123,"column":9}},"75":{"start":{"line":121,"column":12},"end":{"line":121,"column":32}},"76":{"start":{"line":122,"column":12},"end":{"line":122,"column":19}},"77":{"start":{"line":124,"column":8},"end":{"line":126,"column":9}},"78":{"start":{"line":125,"column":12},"end":{"line":125,"column":71}},"79":{"start":{"line":127,"column":8},"end":{"line":127,"column":41}},"80":{"start":{"line":128,"column":8},"end":{"line":135,"column":18}},"81":{"start":{"line":136,"column":8},"end":{"line":136,"column":28}},"82":{"start":{"line":139,"column":8},"end":{"line":139,"column":25}},"83":{"start":{"line":140,"c
[...]
art":{"line":199,"column":29},"end":{"line":199,"column":65}},"120":{"start":{"line":200,"column":8},"end":{"line":204,"column":9}},"121":{"start":{"line":201,"column":12},"end":{"line":201,"column":32}},"122":{"start":{"line":202,"column":12},"end":{"line":202,"column":49}},"123":{"start":{"line":203,"column":12},"end":{"line":203,"column":19}},"124":{"start":{"line":205,"column":27},"end":{"line":215,"column":9}},"125":{"start":{"line":206,"column":12},"end":{"line":214,"column":13}},"126":{"start":{"line":207,"column":16},"end":{"line":207,"column":37}},"127":{"start":{"line":208,"column":16},"end":{"line":212,"column":17}},"128":{"start":{"line":209,"column":20},"end":{"line":209,"column":40}},"129":{"start":{"line":210,"column":20},"end":{"line":210,"column":57}},"130":{"start":{"line":211,"column":20},"end":{"line":211,"column":27}},"131":{"start":{"line":213,"column":16},"end":{"line":213,"column":38}},"132":{"start":{"line":216,"column":38},"end":{"line":220,"column":9}},"133":{"start":{"line":217,"column":12},"end":{"line":219,"column":14}},"134":{"start":{"line":218,"column":16},"end":{"line":218,"column":96}},"135":{"start":{"line":221,"column":8},"end":{"line":221,"column":56}},"136":{"start":{"line":222,"column":8},"end":{"line":222,"column":70}},"137":{"start":{"line":223,"column":8},"end":{"line":223,"column":60}},"138":{"start":{"line":224,"column":8},"end":{"line":226,"column":9}},"139":{"start":{"line":225,"column":12},"end":{"line":225,"column":41}},"140":{"start":{"line":227,"column":8},"end":{"line":232,"column":9}},"141":{"start":{"line":228,"column":12},"end":{"line":230,"column":13}},"142":{"start":{"line":229,"column":16},"end":{"line":229,"column":78}},"143":{"start":{"line":231,"column":12},"end":{"line":231,"column":56}},"144":{"start":{"line":233,"column":8},"end":{"line":233,"column":34}},"145":{"start":{"line":234,"column":8},"end":{"line":234,"column":28}},"146":{"start":{"line":237,"column":8},"end":{"line":237,"column":25}},"147":{"start":{"line":238,"column":8},"end":{"line":238,"column":40}},"148":{"start":{"line":239,"column":8},"end":{"line":244,"column":9}},"149":{"start":{"line":240,"column":12},"end":{"line":240,"column":32}},"150":{"start":{"line":243,"column":12},"end":{"line":243,"column":32}},"151":{"start":{"line":247,"column":0},"end":{"line":287,"column":3}},"152":{"start":{"line":248,"column":4},"end":{"line":286,"column":5}},"153":{"start":{"line":249,"column":36},"end":{"line":249,"column":46}},"154":{"start":{"line":250,"column":21},"end":{"line":253,"column":17}},"155":{"start":{"line":254,"column":8},"end":{"line":257,"column":9}},"156":{"start":{"line":255,"column":12},"end":{"line":255,"column":32}},"157":{"start":{"line":256,"column":12},"end":{"line":256,"column":19}},"158":{"start":{"line":258,"column":22},"end":{"line":258,"column":51}},"159":{"start":{"line":259,"column":8},"end":{"line":262,"column":9}},"160":{"start":{"line":260,"column":12},"end":{"line":260,"column":32}},"161":{"start":{"line":261,"column":12},"end":{"line":261,"column":19}},"162":{"start":{"line":263,"column":8},"end":{"line":265,"column":9}},"163":{"start":{"line":264,"column":12},"end":{"line":264,"column":67}},"164":{"start":{"line":266,"column":8},"end":{"line":266,"column":39}},"165":{"start":{"line":267,"column":8},"end":{"line":274,"column":18}},"166":{"start":{"line":275,"column":8},"end":{"line":275,"column":28}},"167":{"start":{"line":278,"column":8},"end":{"line":278,"column":25}},"168":{"start":{"line":279,"column":8},"end":{"line":279,"column":40}},"169":{"start":{"line":280,"column":8},"end":{"line":285,"column":9}},"170":{"start":{"line":281,"column":12},"end":{"line":281,"column":32}},"171":{"start":{"line":284,"column":12},"end":{"line":284,"column":32}}},"fnMap":{"0":{"name":"(anonymous_0)","decl":{"start":{"line":7,"column":84},"end":{"line":7,"column":85}},"loc":{"start":{"line":7,"column":104},"end":{"line":45,"column":1}},"line":7},"1":{"name":"(anonymous_1)","decl":{"start":{"line":46,"column":96},"end":{"line":46,"column":97}},"loc":{"start":{"line":46,"column":116},"end":{"line":107,"column":1}},"line":46},"2":{"name":"(anonymous_2)","decl":{"start":{"line":66,"column":27},"end":{"line":66,"column":28}},"loc":{"start":{"line":66,"column":54},"end":{"line":76,"column":9}},"line":66},"3":{"name":"(anonymous_3)","decl":{"start":{"line":77,"column":38},"end":{"line":77,"column":39}},"loc":{"start":{"line":77,"column":53},"end":{"line":81,"column":9}},"line":77},"4":{"name":"(anonymous_4)","decl":{"start":{"line":78,"column":19},"end":{"line":78,"column":20}},"loc":{"start":{"line":78,"column":36},"end":{"line":80,"column":13}},"line":78},"5":{"name":"(anonymous_5)","decl":{"start":{"line":108,"column":46},"end":{"line":108,"column":47}},"loc":{"start":{"line":108,"column":66},"end":{"line":148,"column":1}},"line":108},"6":{"name":"(anonymous_6)","decl":{"start":{"line":149,"column":80},"end":{"line":149,"column":81}},"loc":{"start":{"line":149,"column":100},"end":{"line":184,"column":1}},"line":149},"7":{"name":"(anonymous_7)","decl":{"start":{"line":185,"column":90},"end":{"line":185,"column":91}},"loc":{"start":{"line":185,"column":110},"end":{"line":246,"column":1}},"line":185},"8":{"name":"(anonymous_8)","decl":{"start":{"line":205,"column":27},"end":{"line":205,"column":28}},"loc":{"start":{"line":205,"column":54},"end":{"line":215,"column":9}},"line":205},"9":{"name":"(anonymous_9)","decl":{"start":{"line":216,"column":38},"end":{"line":216,"column":39}},"loc":{"start":{"line":216,"column":53},"end":{"line":220,"column":9}},"line":216},"10":{"name":"(anonymous_10)","decl":{"start":{"line":217,"column":19},"end":{"line":217,"column":20}},"loc":{"start":{"line":217,"column":36},"end":{"line":219,"column":13}},"line":217},"11":{"name":"(anonymous_11)","decl":{"start":{"line":247,"column":42},"end":{"line":247,"column":43}},"loc":{"start":{"line":247,"column":62},"end":{"line":287,"column":1}},"line":247}},"branchMap":{"0":{"loc":{"start":{"line":13,"column":23},"end":{"line":13,"column":43}},"type":"binary-expr","locations":[{"start":{"line":13,"column":23},"end":{"line":13,"column":38}},{"start":{"line":13,"column":42},"end":{"line":13,"column":43}}],"line":13},"1":{"loc":{"start":{"line":14,"column":8},"end":{"line":17,"column":9}},"type":"if","locations":[{"start":{"line":14,"column":8},"end":{"line":17,"column":9}},{"start":{},"end":{}}],"line":14},"2":{"loc":{"start":{"line":18,"column":8},"end":{"line":22,"column":9}},"type":"if","locations":[{"start":{"line":18,"column":8},"end":{"line":22,"column":9}},{"start":{},"end":{}}],"line":18},"3":{"loc":{"start":{"line":18,"column":12},"end":{"line":18,"column":59}},"type":"binary-expr","locations":[{"start":{"line":18,"column":12},"end":{"line":18,"column":22}},{"start":{"line":18,"column":26},"end":{"line":18,"column":43}},{"start":{"line":18,"column":47},"end":{"line":18,"column":59}}],"line":18},"4":{"loc":{"start":{"line":28,"column":20},"end":{"line":28,"column":31}},"type":"binary-expr","locations":[{"start":{"line":28,"column":20},"end":{"line":28,"column":26}},{"start":{"line":28,"column":30},"end":{"line":28,"column":31}}],"line":28},"5":{"loc":{"start":{"line":38,"column":8},"end":{"line":43,"column":9}},"type":"if","locations":[{"start":{"line":38,"column":8},"end":{"line":43,"column":9}},{"start":{"line":41,"column":13},"end":{"line":43,"column":9}}],"line":38},"6":{"loc":{"start":{"line":55,"column":8},"end":{"line":59,"column":9}},"type":"if","locations":[{"start":{"line":55,"column":8},"end":{"line":59,"column":9}},{"start":{},"end":{}}],"line":55},"7":{"loc":{"start":{"line":61,"column":8},"end":{"line":65,"column":9}},"type":"if","locations":[{"start":{"line":61,"column":8},"end":{"line":65,"column":9}},{"start":{},"end":{}}],"line":61},"8":{"loc":{"start":{"line":67,"column":12},"end":{"line":75,"column":13}},"type":"if","locations":[{"start":{"line":67,"column":12},"end":{"line":75,"column":13}},{"start":{},"end":{}}],"line":67},"9":{"loc":{"start":{"line":69,"column":16},"end":{"line":73,"column":17}},"type":"if","locations":[{"start":{"line":69,"column":16},"end":{"line":73,"column":17}},{"start":{},"end":{}}],"line":69},"10":{"loc":{"start":{"line":85,"column":8},"end":{"line":87,"column":9}},"type":"if","locations":[{"start":{"line":85,"column":8},"end":{"line":87,"column":9}},{"start":{},"end":{}}],"line":85},"11":{"loc":{"start":{"line":88,"column":8},"end":{"line":93,"column":9}},"type":"if","locations":[{"start":{"line":88,"column":8},"end":{"line":93,"column":9}},{"start":{},"end":{}}],"line":88},"12":{"loc":{"start":{"line":89,"column":12},"end":{"line":91,"column":13}},"type":"if","locations":[{"start":{"line":89,"column":12},"end":{"line":91,"column":13}},{"start":{},"end":{}}],"line":89},"13":{"loc":{"start":{"line":100,"column":8},"end":{"line":105,"column":9}},"type":"if","locations":[{"start":{"line":100,"column":8},"end":{"line":105,"column":9}},{"start":{"line":103,"column":13},"end":{"line":105,"column":9}}],"line":100},"14":{"loc":{"start":{"line":115,"column":8},"end":{"line":118,"column":9}},"type":"if","locations":[{"start":{"line":115,"column":8},"end":{"line":118,"column":9}},{"start":{},"end":{}}],"line":115},"15":{"loc":{"start":{"line":120,"column":8},"end":{"line":123,"column":9}},"type":"if","locations":[{"start":{"line":120,"column":8},"end":{"line":123,"column":9}},{"start":{},"end":{}}],"line":120},"16":{"loc":{"start":{"line":124,"column":8},"end":{"line":126,"column":9}},"type":"if","locations":[{"start":{"line":124,"column":8},"end":{"line":126,"column":9}},{"start":{},"end":{}}],"line":124},"17":{"loc":{"start":{"line":141,"column":8},"end":{"line":146,"column":9}},"type":"if","locations":[{"start":{"line":141,"column":8},"end":{"line":146,"column":9}},{"start":{"line":144,"column":13},"end":{"line":146,"column":9}}],"line":141},"18":{"loc":{"start":{"line":154,"column":23},"end":{"line":154,"column":43}},"type":"binary-expr","locations":[{"start":{"line":154,"column":23},"end":{"line":154,"column":38}},{"start":{"line":154,"column":42},"end":{"line":154,"column":43}}],"line":154},"19":{"loc":{"start":{"line":155,"column":8},"end":{"line":158,"column":9}},"type":"if","locations":[{"start":{"line":155,"column":8},"end":{"line":158,"column":9}},{"start":{},"end":{}}],"line":155},"20":{"loc":{"start":{"line":159,"column":8},"end":{"line":163,"column":9}},"type":"if","locations":[{"start":{"line":159,"column":8},"end":{"line":163,"column":9}},{"start":{},"end":{}}],"line":159},"21":{"loc":{"start":{"line":159,"column":12},"end":{"line":159,"column":43}},"type":"binary-expr","locations":[{"start":{"line":159,"column":12},"end":{"line":159,"column":22}},{"start":{"line":159,"column":26},"end":{"line":159,"column":43}}],"line":159},"22":{"loc":{"start":{"line":168,"column":20},"end":{"line":168,"column":31}},"type":"binary-expr","locations":[{"start":{"line":168,"column":20},"end":{"line":168,"column":26}},{"start":{"line":168,"column":30},"end":{"line":168,"column":31}}],"line":168},"23":{"loc":{"start":{"line":177,"column":8},"end":{"line":182,"column":9}},"type":"if","locations":[{"start":{"line":177,"column":8},"end":{"line":182,"column":9}},{"start":{"line":180,"column":13},"end":{"line":182,"column":9}}],"line":177},"24":{"loc":{"start":{"line":194,"column":8},"end":{"line":198,"column":9}},"type":"if","locations":[{"start":{"line":194,"column":8},"end":{"line":198,"column":9}},{"start":{},"end":{}}],"line":194},"25":{"loc":{"start":{"line":200,"column":8},"end":{"line":204,"column":9}},"type":"if","locations":[{"start":{"line":200,"column":8},"end":{"line":204,"column":9}},{"start":{},"end":{}}],"line":200},"26":{"loc":{"start":{"line":206,"column":12},"end":{"line":214,"column":13}},"type":"if","locations":[{"start":{"line":206,"column":12},"end":{"line":214,"column":13}},{"start":{},"end":{}}],"line":206},"27":{"loc":{"start":{"line":208,"column":16},"end":{"line":212,"column":17}},"type":"if","locations":[{"start":{"line":208,"column":16},"end":{"line":212,"column":17}},{"start":{},"end":{}}],"line":208},"28":{"loc":{"start":{"line":224,"column":8},"end":{"line":226,"column":9}},"type":"if","locations":[{"start":{"line":224,"column":8},"end":{"line":226,"column":9}},{"start":{},"end":{}}],"line":224},"29":{"loc":{"start":{"line":227,"column":8},"end":{"line":232,"column":9}},"type":"if","locations":[{"start":{"line":227,"column":8},"end":{"line":232,"column":9}},{"start":{},"end":{}}],"line":227},"30":{"loc":{"start":{"line":228,"column":12},"end":{"line":230,"column":13}},"type":"if","locations":[{"start":{"line":228,"column":12},"end":{"line":230,"column":13}},{"start":{},"end":{}}],"line":228},"31":{"loc":{"start":{"line":239,"column":8},"end":{"line":244,"column":9}},"type":"if","locations":[{"start":{"line":239,"column":8},"end":{"line":244,"column":9}},{"start":{"line":242,"column":13},"end":{"line":244,"column":9}}],"line":239},"32":{"loc":{"start":{"line":254,"column":8},"end":{"line":257,"column":9}},"type":"if","locations":[{"start":{"line":254,"column":8},"end":{"line":257,"column":9}},{"start":{},"end":{}}],"line":254},"33":{"loc":{"start":{"line":259,"column":8},"end":{"line":262,"column":9}},"type":"if","locations":[{"start":{"line":259,"column":8},"end":{"line":262,"column":9}},{"start":{},"end":{}}],"line":259},"34":{"loc":{"start":{"line":263,"column":8},"end":{"line":265,"column":9}},"type":"if","locations":[{"start":{"line":263,"column":8},"end":{"line":265,"column":9}},{"start":{},"end":{}}],"line":263},"35":{"loc":{"start":{"line":280,"column":8},"end":{"line":285,"column":9}},"type":"if","locations":[{"start":{"line":280,"column":8},"end":{"line":285,"column":9}},{"start":{"line":283,"column":13},"end":{"line":285,"column":9}}],"line":280}},"s":{"0":2,"1":2,"2":0,"3":0,"4":0,"5":0,"6":0,"7":0,"8":0,"9":0,"10":0,"11":0,"12":0,"13":0,"14":0,"15":0,"16":0,"17":0,"18":0,"19":0,"20":0,"21":0,"22":0,"23":0,"24":2,"25":0,"26":0,"27":0,"28":0,"29":0,"30":0,"31":0,"32":0,"33":0,"34":0,"35":0,"36":0,"37":0,"38":0,"39":0,"40":0,"41":0,"42":0,"43":0,"44":0,"45":0,"46":0,"47":0,"48":0,"49":0,"50":0,"51":0,"52":0,"53":0,"54":0,"55":0,"56":0,"57":0,"58":0,"59":0,"60":0,"61":0,"62":0,"63":0,"64":0,"65":0,"66":2,"67":0,"68":0,"69":0,"70":0,"71":0,"72":0,"73":0,"74":0,"75":0,"76":0,"77":0,"78":0,"79":0,"80":0,"81":0,"82":0,"83":0,"84":0,"85":0,"86":0,"87":2,"88":0,"89":0,"90":0,"91":0,"92":0,"93":0,"94":0,"95":0,"96":0,"97":0,"98":0,"99":0,"100":0,"101":0,"102":0,"103":0,"104":0,"105":0,"106":0,"107":0,"108":0,"109":2,"110":0,"111":0,"112":0,"113":0,"114":0,"115":0,"116":0,"117":0,"118":0,"119":0,"120":0,"121":0,"122":0,"123":0,"124":0,"125":0,"126":0,"127":0,"128":0,"129":0,"130":0,"131":0,"132":0,"133":0,"134":0,"135":0,"136":0,"137":0,"138":0,"139":0,"140":0,"141":0,"142":0,"143":0,"144":0,"145":0,"146":0,"147":0,"148":0,"149":0,"150":0,"151":2,"152":0,"153":0,"154":0,"155":0,"156":0,"157":0,"158":0,"159":0,"160":0,"161":0,"162":0,"163":0,"164":0,"165":0,"166":0,"167":0,"168":0,"169":0,"170":0,"171":0},"f":{"0":0,"1":0,"2":0,"3":0,"4":0,"5":0,"6":0,"7":0,"8":0,"9":0,"10":0,"11":0},"b":{"0":[0,0],"1":[0,0],"2":[0,0],"3":[0,0,0],"4":[0,0],"5":[0,0],"6":[0,0],"7":[0,0],"8":[0,0],"9":[0,0],"10":[0,0],"11":[0,0],"12":[0,0],"13":[0,0],"14":[0,0],"15":[0,0],"16":[0,0],"17":[0,0],"18":[0,0],"19":[0,0],"20":[0,0],"21":[0,0],"22":[0,0],"23":[0,0],"24":[0,0],"25":[0,0],"26":[0,0],"27":[0,0],"28":[0,0],"29":[0,0],"30":[0,0],"31":[0,0],"32":[0,0],"33":[0,0],"34":[0,0],"35":[0,0]},"_coverageSchema":"1a1c01bbd47fc00a2c39e90264f33305004495a9","hash":"ecb8f989d1f3d5abf41adba748df6069f3e79fbe"}
,"/home/mmollis/WellFed/dist/src/modules/transactions.js": {"path":"/home/mmollis/WellFed/dist/src/modules/transactions.js","statementMap":{"0":{"start":{"line":3,"column":15},"end":{"line":3,"column":31}},"1":{"start":{"line":6,"column":14},"end":{"line":14,"column":6}},"2":{"start":{"line":15,"column":4},"end":{"line":15,"column":13}},"3":{"start":{"line":18,"column":0},"end":{"line":21,"column":32}},"4":{"start":{"line":19,"column":4},"end":{"line":19,"column":38}},"5":{"start":{"line":20,"column":4},"end":{"line":20,"column":34}},"6":{"start":{"line":22,"column":0},"end":{"line":67,"column":3}},"7":{"start":{"line":23,"column":4},"end":{"line":66,"column":5}},"8":{"start":{"line":24,"column":21},"end":{"line":24,"column":24}},"9":{"start":{"line":25,"column":23},"end":{"line":30,"column":10}},"10":{"start":{"line":31,"column":25},"end":{"line":31,"column":79}},"11":{"start":{"line":32,"column":28},"end":{"line":32,"column":93}},"12":{"start":{"line":33,"column":8},"end":{"line":61,"column":12}},"13":{"start":{"line":35,"column":12},"end":{"line":45,"column":13}},"14":{"start":{"line":37,"column":20},"end":{"line":37,"column":61}},"15":{"start":{"line":38,"column":20},"end":{"line":38,"column":26}},"16":{"start":{"line":40,"column":20},"end":{"line":40,"column":59}},"17":{"start":{"line":41,"column":20},"end":{"line":41,"column":26}},"18":{"start":{"line":43,"column":20},"end":{"line":43,"column":37}},"19":{"start":{"line":44,"column":20},"end":{"line":44,"column":26}},"20":{"start":{"line":46,"column":12},"end":{"line":60,"column":14}},"21":{"start":{"line":64,"column":8},"end":{"line":64,"column":25}},"22":{"start":{"line":65,"column":8},"end":{"line":65,"column":28}}},"fnMap":{"0":{"name":"logTransaction","decl":{"start":{"line":5,"column":22},"end":{"line":5,"column":36}},"loc":{"start":{"line":5,"column":94},"end":{"line":16,"column":1}},"line":5},"1":{"name":"(anonymous_1)","decl":{"start":{"line":18,"column":1},"end":{"line":18,"column":2}},"loc":{"start":{"line":18,"column":21},"end":{"line":21,"column":1}},"line":18},"2":{"name":"(anonymous_2)","decl":{"start":{"line":22,"column":16},"end":{"line":22,"column":17}},"loc":{"start":{"line":22,"column":36},"end":{"line":67,"column":1}},"line":22},"3":{"name":"(anonymous_3)","decl":{"start":{"line":33,"column":28},"end":{"line":33,"column":29}},"loc":{"start":{"line":33,"column":43},"end":{"line":61,"column":9}},"line":33}},"branchMap":{"0":{"loc":{"start":{"line":21,"column":3},"end":{"line":21,"column":30}},"type":"binary-expr","locations":[{"start":{"line":21,"column":3},"end":{"line":21,"column":11}},{"start":{"line":21,"column":16},"end":{"line":21,"column":29}}],"line":21},"1":{"loc":{"start":{"line":31,"column":25},"end":{"line":31,"column":79}},"type":"cond-expr","locations":[{"start":{"line":31,"column":44},"end":{"line":31,"column":59}},{"start":{"line":31,"column":62},"end":{"line":31,"column":79}}],"line":31},"2":{"loc":{"start":{"line":32,"column":28},"end":{"line":32,"column":93}},"type":"cond-expr","locations":[{"start":{"line":32,"column":58},"end":{"line":32,"column":75}},{"start":{"line":32,"column":78},"end":{"line":32,"column":93}}],"line":32},"3":{"loc":{"start":{"line":35,"column":12},"end":{"line":45,"column":13}},"type":"switch","locations":[{"start":{"line":36,"column":16},"end":{"line":38,"column":26}},{"start":{"line":39,"column":16},"end":{"line":41,"column":26}},{"start":{"line":42,"column":16},"end":{"line":44,"column":26}}],"line":35},"4":{"loc":{"start":{"line":49,"column":26},"end":{"line":49,"column":59}},"type":"cond-expr","locations":[{"start":{"line":49,"column":37},"end":{"line":49,"column":45}},{"start":{"line":49,"column":48},"end":{"line":49,"column":59}}],"line":49},"5":{"loc":{"start":{"line":53,"column":26},"end":{"line":53,"column":59}},"type":"cond-expr","locations":[{"start":{"line":53,"column":37},"end":{"line":53,"column":48}},{"start":{"line":53,"column":51},"end":{"line":53,"column":59}}],"line":53}},"s":{"0":2,"1":0,"2":0,"3":2,"4":2,"5":2,"6":2,"7":0,"8":0,"9":0,"10":0,"11":0,"12":0,"13":0,"14":0,"15":0,"16":0,"17":0,"18":0,"19":0,"20":0,"21":0,"22":0},"f":{"0":0,"1":2,"2":0,"3":0},"b":{"0":[2,2],"1":[0,0],"2":[0,0],"3":[0,0,0],"4":[0,0],"5":[0,0]},"_coverageSchema":"1a1c01bbd47fc00a2c39e90264f33305004495a9","hash":"c8b1230a9fb8785d2a66fd3a08c6cd8e083facce"}
}
