TN:
SF:dist/src/app.js
FN:34,(anonymous_0)
FNF:1
FNH:0
FNDA:0,(anonymous_0)
DA:15,7
DA:16,7
DA:17,7
DA:18,7
DA:21,7
DA:22,7
DA:23,7
DA:24,7
DA:25,7
DA:26,7
DA:27,7
DA:28,7
DA:29,7
DA:30,7
DA:31,7
DA:32,7
DA:33,7
DA:34,7
DA:35,0
LF:19
LH:18
BRF:0
BRH:0
end_of_record
TN:
SF:dist/src/hello_world_example.js
FN:3,(anonymous_0)
FN:7,(anonymous_1)
FNF:2
FNH:0
FNDA:0,(anonymous_0)
FNDA:0,(anonymous_1)
DA:2,7
DA:3,7
DA:4,0
DA:5,0
DA:7,7
DA:8,0
DA:9,0
LF:7
LH:3
BRF:0
BRH:0
end_of_record
TN:
SF:dist/src/middleware/clientOnly.js
FN:2,(anonymous_0)
FNF:1
FNH:0
FNDA:0,(anonymous_0)
DA:2,7
DA:3,0
DA:4,0
DA:5,0
DA:7,0
LF:5
LH:1
BRDA:4,0,0,0
BRDA:4,0,1,0
BRF:2
BRH:0
end_of_record
TN:
SF:dist/src/middleware/imageUtil.js
FN:9,(anonymous_0)
FN:12,(anonymous_1)
FN:16,(anonymous_2)
FN:20,(anonymous_3)
FN:33,(anonymous_4)
FN:43,(anonymous_5)
FNF:6
FNH:5
FNDA:35,(anonymous_0)
FNDA:16,(anonymous_1)
FNDA:16,(anonymous_2)
FNDA:16,(anonymous_3)
FNDA:0,(anonymous_4)
FNDA:2,(anonymous_5)
DA:6,7
DA:7,7
DA:8,7
DA:9,7
DA:10,35
DA:13,16
DA:14,16
DA:17,16
DA:21,16
DA:22,16
DA:25,0
DA:33,7
DA:34,0
DA:35,0
DA:36,0
DA:37,0
DA:40,0
DA:43,7
DA:44,2
DA:45,2
DA:46,2
DA:47,2
DA:50,0
LF:23
LH:16
BRDA:21,0,0,16
BRDA:21,0,1,0
BRDA:21,1,0,16
BRDA:21,1,1,0
BRDA:21,1,2,0
BRDA:44,2,0,2
BRDA:44,2,1,0
BRF:7
BRH:3
end_of_record
TN:
SF:dist/src/middleware/merchantOnly.js
FN:2,(anonymous_0)
FNF:1
FNH:1
FNDA:8,(anonymous_0)
DA:2,7
DA:3,8
DA:4,8
DA:5,2
DA:7,6
LF:5
LH:5
BRDA:4,0,0,2
BRDA:4,0,1,6
BRF:2
BRH:2
end_of_record
TN:
SF:dist/src/middleware/tokenChecker.js
FN:3,(anonymous_0)
FN:11,(anonymous_1)
FNF:2
FNH:2
FNDA:15,(anonymous_0)
FNDA:13,(anonymous_1)
DA:3,7
DA:4,15
DA:5,2
DA:7,13
DA:8,13
DA:9,0
DA:11,13
DA:12,13
DA:13,1
DA:16,12
DA:17,12
LF:11
LH:10
BRDA:4,0,0,2
BRDA:4,0,1,13
BRDA:8,1,0,0
BRDA:8,1,1,13
BRDA:12,2,0,1
BRDA:12,2,1,12
BRF:6
BRH:5
end_of_record
TN:
SF:dist/src/models/client.js
FNF:0
FNH:0
LF:0
LH:0
BRF:0
BRH:0
end_of_record
TN:
SF:dist/src/models/merchant.js
FNF:0
FNH:0
LF:0
LH:0
BRF:0
BRH:0
end_of_record
TN:
SF:dist/src/models/notification.js
FNF:0
FNH:0
LF:0
LH:0
BRF:0
BRH:0
end_of_record
TN:
SF:dist/src/models/prize.js
FNF:0
FNH:0
LF:0
LH:0
BRF:0
BRH:0
end_of_record
TN:
SF:dist/src/models/product.js
FNF:0
FNH:0
LF:0
LH:0
BRF:0
BRH:0
end_of_record
TN:
SF:dist/src/models/transaction.js
FN:3,(anonymous_0)
FN:8,(anonymous_1)
FNF:2
FNH:2
FNDA:7,(anonymous_0)
FNDA:7,(anonymous_1)
DA:3,7
DA:4,7
DA:5,7
DA:8,7
DA:9,7
DA:10,7
DA:12,7
LF:7
LH:7
BRDA:6,0,0,7
BRDA:6,0,1,7
BRDA:11,1,0,7
BRDA:11,1,1,7
BRF:4
BRH:4
end_of_record
TN:
SF:dist/src/modules/apiDocs.js
FNF:0
FNH:0
DA:5,7
DA:6,7
DA:7,7
LF:3
LH:3
BRF:0
BRH:0
end_of_record
TN:
SF:dist/src/modules/client.js
FN:5,(anonymous_0)
FNF:1
FNH:0
FNDA:0,(anonymous_0)
DA:4,7
DA:5,7
DA:6,0
DA:7,0
DA:8,0
DA:9,0
DA:10,0
DA:12,0
DA:13,0
DA:14,0
DA:15,0
DA:17,0
DA:25,0
DA:26,0
LF:14
LH:2
BRDA:8,0,0,0
BRDA:8,0,1,0
BRDA:13,1,0,0
BRDA:13,1,1,0
BRF:4
BRH:0
end_of_record
TN:
SF:dist/src/modules/login.js
FN:11,(anonymous_0)
FN:64,(anonymous_1)
FNF:2
FNH:1
FNDA:20,(anonymous_0)
FNDA:0,(anonymous_1)
DA:8,7
DA:9,7
DA:10,7
DA:11,7
DA:12,20
DA:13,20
DA:14,20
DA:15,20
DA:16,0
DA:17,0
DA:20,20
DA:21,20
DA:22,20
DA:23,10
DA:24,8
DA:30,8
DA:31,8
DA:34,10
DA:35,9
DA:36,9
DA:42,9
DA:43,9
DA:46,20
DA:47,3
DA:48,3
DA:50,17
DA:51,17
DA:52,17
DA:55,0
DA:56,0
DA:57,0
DA:60,0
DA:64,7
DA:65,0
DA:66,0
DA:67,0
DA:68,0
DA:69,0
DA:71,0
DA:72,0
DA:73,0
DA:77,0
DA:78,0
DA:79,0
DA:81,0
DA:85,0
DA:86,0
DA:88,0
DA:94,0
DA:95,0
DA:96,0
DA:97,0
DA:100,0
DA:101,0
LF:54
LH:27
BRDA:15,0,0,0
BRDA:15,0,1,20
BRDA:15,1,0,20
BRDA:15,1,1,20
BRDA:22,2,0,10
BRDA:22,2,1,10
BRDA:23,3,0,8
BRDA:23,3,1,2
BRDA:34,4,0,9
BRDA:34,4,1,1
BRDA:35,5,0,9
BRDA:35,5,1,0
BRDA:46,6,0,3
BRDA:46,6,1,17
BRDA:56,7,0,0
BRDA:56,7,1,0
BRDA:67,8,0,0
BRDA:67,8,1,0
BRDA:78,9,0,0
BRDA:78,9,1,0
BRDA:85,10,0,0
BRDA:85,10,1,0
BRF:22
BRH:12
end_of_record
TN:
SF:dist/src/modules/notifications.js
FN:6,sendNotification
FN:22,(anonymous_1)
FN:52,(anonymous_2)
FN:78,(anonymous_3)
FNF:4
FNH:1
FNDA:17,sendNotification
FNDA:0,(anonymous_1)
FNDA:0,(anonymous_2)
FNDA:0,(anonymous_3)
DA:5,7
DA:7,17
DA:12,17
DA:13,17
DA:22,7
DA:23,0
DA:24,0
DA:25,0
DA:26,0
DA:27,0
DA:28,0
DA:30,0
DA:31,0
DA:32,0
DA:33,0
DA:34,0
DA:35,0
DA:37,0
DA:45,0
DA:48,0
DA:49,0
DA:52,7
DA:53,0
DA:54,0
DA:55,0
DA:56,0
DA:57,0
DA:58,0
DA:59,0
DA:61,0
DA:67,0
DA:68,0
DA:69,0
DA:71,0
DA:74,0
DA:75,0
DA:78,7
DA:79,0
DA:80,0
DA:81,0
DA:82,0
DA:87,0
DA:88,0
DA:89,0
DA:91,0
DA:94,0
DA:95,0
DA:97,0
DA:100,0
DA:101,0
LF:50
LH:7
BRDA:26,0,0,0
BRDA:26,0,1,0
BRDA:34,1,0,0
BRDA:34,1,1,0
BRDA:57,2,0,0
BRDA:57,2,1,0
BRDA:67,3,0,0
BRDA:67,3,1,0
BRDA:87,4,0,0
BRDA:87,4,1,0
BRDA:94,5,0,0
BRDA:94,5,1,0
BRF:12
BRH:0
end_of_record
TN:
SF:dist/src/modules/qrcode.js
FN:14,(anonymous_0)
FN:23,(anonymous_1)
FN:34,(anonymous_2)
FN:41,addPendingToken
FN:43,(anonymous_4)
FN:44,(anonymous_5)
FN:49,(anonymous_6)
FN:62,(anonymous_7)
FN:76,(anonymous_8)
FN:85,(anonymous_9)
FN:99,(anonymous_10)
FN:111,(anonymous_11)
FN:114,(anonymous_12)
FN:175,(anonymous_13)
FNF:14
FNH:5
FNDA:7,(anonymous_0)
FNDA:6,(anonymous_1)
FNDA:0,(anonymous_2)
FNDA:6,addPendingToken
FNDA:0,(anonymous_4)
FNDA:0,(anonymous_5)
FNDA:6,(anonymous_6)
FNDA:6,(anonymous_7)
FNDA:0,(anonymous_8)
FNDA:0,(anonymous_9)
FNDA:0,(anonymous_10)
FNDA:0,(anonymous_11)
FNDA:0,(anonymous_12)
FNDA:0,(anonymous_13)
DA:12,7
DA:14,7
DA:15,7
DA:16,7
DA:24,6
DA:25,6
DA:26,6
DA:27,6
DA:35,0
DA:36,0
DA:37,0
DA:40,7
DA:42,6
DA:43,6
DA:44,0
DA:45,0
DA:49,7
DA:50,6
DA:51,6
DA:52,6
DA:53,6
DA:54,6
DA:55,4
DA:56,4
DA:57,0
DA:60,6
DA:61,6
DA:62,6
DA:63,6
DA:64,0
DA:65,0
DA:67,6
DA:68,6
DA:72,0
DA:73,0
DA:76,7
DA:77,0
DA:78,0
DA:79,0
DA:80,0
DA:81,0
DA:83,0
DA:84,0
DA:85,0
DA:86,0
DA:87,0
DA:88,0
DA:90,0
DA:91,0
DA:95,0
DA:96,0
DA:99,7
DA:100,0
DA:101,0
DA:102,0
DA:103,0
DA:104,0
DA:105,0
DA:106,0
DA:107,0
DA:109,0
DA:110,0
DA:111,0
DA:112,0
DA:114,0
DA:115,0
DA:117,0
DA:118,0
DA:119,0
DA:123,0
DA:124,0
DA:125,0
DA:127,0
DA:128,0
DA:129,0
DA:130,0
DA:132,0
DA:133,0
DA:134,0
DA:135,0
DA:136,0
DA:141,0
DA:142,0
DA:143,0
DA:144,0
DA:145,0
DA:149,0
DA:150,0
DA:151,0
DA:153,0
DA:154,0
DA:155,0
DA:156,0
DA:158,0
DA:159,0
DA:160,0
DA:161,0
DA:163,0
DA:164,0
DA:165,0
DA:166,0
DA:167,0
DA:173,0
DA:175,0
DA:176,0
DA:178,0
DA:181,0
DA:182,0
LF:108
LH:27
BRDA:17,0,0,7
BRDA:17,0,1,7
BRDA:56,1,0,0
BRDA:56,1,1,4
BRDA:57,2,0,0
BRDA:57,2,1,0
BRDA:63,3,0,0
BRDA:63,3,1,6
BRDA:80,4,0,0
BRDA:80,4,1,0
BRDA:86,5,0,0
BRDA:86,5,1,0
BRDA:105,6,0,0
BRDA:105,6,1,0
BRDA:109,7,0,0
BRDA:109,7,1,0
BRDA:109,8,0,0
BRDA:109,8,1,0
BRDA:123,9,0,0
BRDA:123,9,1,0
BRDA:128,10,0,0
BRDA:128,10,1,0
BRDA:133,11,0,0
BRDA:133,11,1,0
BRDA:141,12,0,0
BRDA:141,12,1,0
BRDA:141,13,0,0
BRDA:141,13,1,0
BRDA:149,14,0,0
BRDA:149,14,1,0
BRDA:154,15,0,0
BRDA:154,15,1,0
BRDA:159,16,0,0
BRDA:159,16,1,0
BRF:34
BRH:4
end_of_record
TN:
SF:dist/src/modules/registration.js
FN:11,(anonymous_0)
FN:46,(anonymous_1)
FN:97,(anonymous_2)
FNF:3
FNH:2
FNDA:33,(anonymous_0)
FNDA:0,(anonymous_1)
FNDA:13,(anonymous_2)
DA:7,7
DA:8,7
DA:9,7
DA:10,7
DA:11,7
DA:12,33
DA:13,33
DA:14,33
DA:15,33
DA:16,33
DA:17,4
DA:19,29
DA:20,2
DA:22,27
DA:23,27
DA:29,27
DA:30,3
DA:31,3
DA:33,24
DA:34,24
DA:37,0
DA:38,0
DA:39,0
DA:42,0
DA:46,7
DA:47,0
DA:48,0
DA:49,0
DA:50,0
DA:54,0
DA:55,0
DA:57,0
DA:58,0
DA:59,0
DA:61,0
DA:62,0
DA:63,0
DA:64,0
DA:66,0
DA:69,0
DA:72,0
DA:73,0
DA:75,0
DA:76,0
DA:78,0
DA:84,0
DA:85,0
DA:88,0
DA:89,0
DA:90,0
DA:93,0
DA:97,7
DA:98,13
DA:99,13
DA:100,13
DA:101,13
DA:102,13
DA:103,13
DA:104,13
DA:105,13
DA:106,0
DA:107,0
DA:109,13
DA:110,0
DA:111,0
DA:112,0
DA:114,13
DA:115,0
DA:116,0
DA:117,0
DA:119,13
DA:120,0
DA:122,13
DA:123,1
DA:124,1
DA:125,1
DA:127,12
DA:128,12
DA:136,12
DA:137,12
DA:140,0
DA:141,0
DA:142,0
DA:143,0
DA:146,0
LF:85
LH:41
BRDA:16,0,0,4
BRDA:16,0,1,29
BRDA:16,1,0,33
BRDA:16,1,1,33
BRDA:16,1,2,29
BRDA:19,2,0,2
BRDA:19,2,1,27
BRDA:29,3,0,3
BRDA:29,3,1,24
BRDA:29,4,0,27
BRDA:29,4,1,24
BRDA:29,4,2,24
BRDA:38,5,0,0
BRDA:38,5,1,0
BRDA:54,6,0,0
BRDA:54,6,1,0
BRDA:58,7,0,0
BRDA:58,7,1,0
BRDA:63,8,0,0
BRDA:63,8,1,0
BRDA:63,9,0,0
BRDA:63,9,1,0
BRDA:72,10,0,0
BRDA:72,10,1,0
BRDA:72,11,0,0
BRDA:72,11,1,0
BRDA:72,11,2,0
BRDA:75,12,0,0
BRDA:75,12,1,0
BRDA:75,13,0,0
BRDA:75,13,1,0
BRDA:89,14,0,0
BRDA:89,14,1,0
BRDA:105,15,0,0
BRDA:105,15,1,13
BRDA:109,16,0,0
BRDA:109,16,1,13
BRDA:109,17,0,13
BRDA:109,17,1,13
BRDA:109,17,2,13
BRDA:109,17,3,13
BRDA:109,17,4,13
BRDA:114,18,0,0
BRDA:114,18,1,13
BRDA:119,19,0,0
BRDA:119,19,1,13
BRDA:122,20,0,1
BRDA:122,20,1,12
BRDA:122,21,0,13
BRDA:122,21,1,12
BRDA:122,21,2,12
BRDA:142,22,0,0
BRDA:142,22,1,0
BRF:53
BRH:26
end_of_record
TN:
SF:dist/src/modules/ricerca.js
FN:6,(anonymous_0)
FN:17,(anonymous_1)
FN:30,(anonymous_2)
FN:45,(anonymous_3)
FNF:4
FNH:1
FNDA:7,(anonymous_0)
FNDA:0,(anonymous_1)
FNDA:0,(anonymous_2)
FNDA:0,(anonymous_3)
DA:4,7
DA:6,7
DA:7,7
DA:8,7
DA:13,7
DA:17,7
DA:18,0
DA:19,0
DA:20,0
DA:21,0
DA:22,0
DA:23,0
DA:25,0
DA:26,0
DA:27,0
DA:28,0
DA:31,0
DA:42,0
DA:43,0
DA:46,0
DA:54,0
DA:57,0
DA:58,0
LF:23
LH:6
BRDA:9,0,0,7
BRDA:9,0,1,7
BRDA:21,1,0,0
BRDA:21,1,1,0
BRDA:27,2,0,0
BRDA:27,2,1,0
BRDA:27,3,0,0
BRDA:27,3,1,0
BRDA:42,4,0,0
BRDA:42,4,1,0
BRDA:42,5,0,0
BRDA:42,5,1,0
BRF:12
BRH:2
end_of_record
TN:
SF:dist/src/modules/shops.js
FN:7,(anonymous_0)
FN:10,(anonymous_1)
FN:29,(anonymous_2)
FN:53,(anonymous_3)
FN:60,(anonymous_4)
FN:65,(anonymous_5)
FN:68,(anonymous_6)
FN:89,(anonymous_7)
FN:124,(anonymous_8)
FN:131,(anonymous_9)
FN:136,(anonymous_10)
FN:139,(anonymous_11)
FN:159,(anonymous_12)
FNF:13
FNH:0
FNDA:0,(anonymous_0)
FNDA:0,(anonymous_1)
FNDA:0,(anonymous_2)
FNDA:0,(anonymous_3)
FNDA:0,(anonymous_4)
FNDA:0,(anonymous_5)
FNDA:0,(anonymous_6)
FNDA:0,(anonymous_7)
FNDA:0,(anonymous_8)
FNDA:0,(anonymous_9)
FNDA:0,(anonymous_10)
FNDA:0,(anonymous_11)
FNDA:0,(anonymous_12)
DA:5,7
DA:6,7
DA:7,7
DA:8,0
DA:9,0
DA:10,0
DA:11,0
DA:20,0
DA:21,0
DA:22,0
DA:25,0
DA:29,7
DA:30,0
DA:31,0
DA:32,0
DA:33,0
DA:34,0
DA:36,0
DA:44,0
DA:45,0
DA:46,0
DA:49,0
DA:53,7
DA:54,0
DA:55,0
DA:56,0
DA:57,0
DA:58,0
DA:60,0
DA:61,0
DA:63,0
DA:64,0
DA:66,0
DA:69,0
DA:80,0
DA:81,0
DA:82,0
DA:85,0
DA:89,7
DA:90,0
DA:91,0
DA:92,0
DA:96,0
DA:97,0
DA:98,0
DA:100,0
DA:101,0
DA:102,0
DA:103,0
DA:105,0
DA:115,0
DA:116,0
DA:117,0
DA:120,0
DA:124,7
DA:125,0
DA:126,0
DA:127,0
DA:128,0
DA:129,0
DA:131,0
DA:132,0
DA:134,0
DA:135,0
DA:137,0
DA:140,0
DA:150,0
DA:151,0
DA:152,0
DA:155,0
DA:159,7
DA:160,0
DA:161,0
DA:162,0
DA:166,0
DA:167,0
DA:168,0
DA:170,0
DA:171,0
DA:172,0
DA:173,0
DA:175,0
DA:184,0
DA:185,0
DA:186,0
DA:189,0
LF:86
LH:8
BRDA:21,0,0,0
BRDA:21,0,1,0
BRDA:32,1,0,0
BRDA:32,1,1,0
BRDA:45,2,0,0
BRDA:45,2,1,0
BRDA:56,3,0,0
BRDA:56,3,1,0
BRDA:81,4,0,0
BRDA:81,4,1,0
BRDA:96,5,0,0
BRDA:96,5,1,0
BRDA:101,6,0,0
BRDA:101,6,1,0
BRDA:116,7,0,0
BRDA:116,7,1,0
BRDA:127,8,0,0
BRDA:127,8,1,0
BRDA:151,9,0,0
BRDA:151,9,1,0
BRDA:166,10,0,0
BRDA:166,10,1,0
BRDA:171,11,0,0
BRDA:171,11,1,0
BRDA:185,12,0,0
BRDA:185,12,1,0
BRF:26
BRH:0
end_of_record
TN:
SF:dist/src/modules/shopsAuth.js
FN:7,(anonymous_0)
FN:46,(anonymous_1)
FN:66,(anonymous_2)
FN:77,(anonymous_3)
FN:78,(anonymous_4)
FN:108,(anonymous_5)
FN:149,(anonymous_6)
FN:185,(anonymous_7)
FN:205,(anonymous_8)
FN:216,(anonymous_9)
FN:217,(anonymous_10)
FN:247,(anonymous_11)
FNF:12
FNH:1
FNDA:4,(anonymous_0)
FNDA:0,(anonymous_1)
FNDA:0,(anonymous_2)
FNDA:0,(anonymous_3)
FNDA:0,(anonymous_4)
FNDA:0,(anonymous_5)
FNDA:0,(anonymous_6)
FNDA:0,(anonymous_7)
FNDA:0,(anonymous_8)
FNDA:0,(anonymous_9)
FNDA:0,(anonymous_10)
FNDA:0,(anonymous_11)
DA:6,7
DA:7,7
DA:8,4
DA:9,4
DA:10,4
DA:11,4
DA:12,4
DA:13,4
DA:14,4
DA:15,1
DA:16,1
DA:18,3
DA:19,1
DA:20,1
DA:21,1
DA:23,2
DA:31,2
DA:32,2
DA:33,2
DA:36,0
DA:37,0
DA:38,0
DA:39,0
DA:42,0
DA:46,7
DA:47,0
DA:48,0
DA:49,0
DA:50,0
DA:51,0
DA:55,0
DA:56,0
DA:57,0
DA:58,0
DA:60,0
DA:61,0
DA:62,0
DA:63,0
DA:64,0
DA:66,0
DA:67,0
DA:68,0
DA:69,0
DA:70,0
DA:71,0
DA:72,0
DA:74,0
DA:77,0
DA:78,0
DA:79,0
DA:82,0
DA:83,0
DA:84,0
DA:85,0
DA:86,0
DA:88,0
DA:89,0
DA:90,0
DA:92,0
DA:94,0
DA:95,0
DA:98,0
DA:99,0
DA:100,0
DA:101,0
DA:104,0
DA:108,7
DA:109,0
DA:110,0
DA:111,0
DA:115,0
DA:116,0
DA:117,0
DA:119,0
DA:120,0
DA:121,0
DA:122,0
DA:124,0
DA:125,0
DA:127,0
DA:128,0
DA:136,0
DA:139,0
DA:140,0
DA:141,0
DA:142,0
DA:145,0
DA:149,7
DA:150,0
DA:151,0
DA:152,0
DA:153,0
DA:154,0
DA:155,0
DA:156,0
DA:157,0
DA:159,0
DA:160,0
DA:161,0
DA:162,0
DA:164,0
DA:170,0
DA:171,0
DA:172,0
DA:175,0
DA:176,0
DA:177,0
DA:178,0
DA:181,0
DA:185,7
DA:186,0
DA:187,0
DA:188,0
DA:189,0
DA:190,0
DA:194,0
DA:195,0
DA:196,0
DA:197,0
DA:199,0
DA:200,0
DA:201,0
DA:202,0
DA:203,0
DA:205,0
DA:206,0
DA:207,0
DA:208,0
DA:209,0
DA:210,0
DA:211,0
DA:213,0
DA:216,0
DA:217,0
DA:218,0
DA:221,0
DA:222,0
DA:223,0
DA:224,0
DA:225,0
DA:227,0
DA:228,0
DA:229,0
DA:231,0
DA:233,0
DA:234,0
DA:237,0
DA:238,0
DA:239,0
DA:240,0
DA:243,0
DA:247,7
DA:248,0
DA:249,0
DA:250,0
DA:254,0
DA:255,0
DA:256,0
DA:258,0
DA:259,0
DA:260,0
DA:261,0
DA:263,0
DA:264,0
DA:266,0
DA:267,0
DA:275,0
DA:278,0
DA:279,0
DA:280,0
DA:281,0
DA:284,0
LF:172
LH:24
BRDA:13,0,0,4
BRDA:13,0,1,0
BRDA:14,1,0,1
BRDA:14,1,1,3
BRDA:18,2,0,1
BRDA:18,2,1,2
BRDA:18,3,0,3
BRDA:18,3,1,2
BRDA:18,3,2,2
BRDA:28,4,0,2
BRDA:28,4,1,0
BRDA:38,5,0,0
BRDA:38,5,1,0
BRDA:55,6,0,0
BRDA:55,6,1,0
BRDA:61,7,0,0
BRDA:61,7,1,0
BRDA:67,8,0,0
BRDA:67,8,1,0
BRDA:69,9,0,0
BRDA:69,9,1,0
BRDA:85,10,0,0
BRDA:85,10,1,0
BRDA:88,11,0,0
BRDA:88,11,1,0
BRDA:89,12,0,0
BRDA:89,12,1,0
BRDA:100,13,0,0
BRDA:100,13,1,0
BRDA:115,14,0,0
BRDA:115,14,1,0
BRDA:120,15,0,0
BRDA:120,15,1,0
BRDA:124,16,0,0
BRDA:124,16,1,0
BRDA:141,17,0,0
BRDA:141,17,1,0
BRDA:154,18,0,0
BRDA:154,18,1,0
BRDA:155,19,0,0
BRDA:155,19,1,0
BRDA:159,20,0,0
BRDA:159,20,1,0
BRDA:159,21,0,0
BRDA:159,21,1,0
BRDA:168,22,0,0
BRDA:168,22,1,0
BRDA:177,23,0,0
BRDA:177,23,1,0
BRDA:194,24,0,0
BRDA:194,24,1,0
BRDA:200,25,0,0
BRDA:200,25,1,0
BRDA:206,26,0,0
BRDA:206,26,1,0
BRDA:208,27,0,0
BRDA:208,27,1,0
BRDA:224,28,0,0
BRDA:224,28,1,0
BRDA:227,29,0,0
BRDA:227,29,1,0
BRDA:228,30,0,0
BRDA:228,30,1,0
BRDA:239,31,0,0
BRDA:239,31,1,0
BRDA:254,32,0,0
BRDA:254,32,1,0
BRDA:259,33,0,0
BRDA:259,33,1,0
BRDA:263,34,0,0
BRDA:263,34,1,0
BRDA:280,35,0,0
BRDA:280,35,1,0
BRF:73
BRH:9
end_of_record
TN:
SF:dist/src/modules/transactions.js
FN:5,logTransaction
FN:18,(anonymous_1)
FN:22,(anonymous_2)
FN:33,(anonymous_3)
FNF:4
FNH:1
FNDA:0,logTransaction
FNDA:7,(anonymous_1)
FNDA:0,(anonymous_2)
FNDA:0,(anonymous_3)
DA:3,7
DA:6,0
DA:15,0
DA:18,7
DA:19,7
DA:20,7
DA:22,7
DA:23,0
DA:24,0
DA:25,0
DA:31,0
DA:32,0
DA:33,0
DA:35,0
DA:37,0
DA:38,0
DA:40,0
DA:41,0
DA:43,0
DA:44,0
DA:46,0
DA:64,0
DA:65,0
LF:23
LH:5
BRDA:21,0,0,7
BRDA:21,0,1,7
BRDA:31,1,0,0
BRDA:31,1,1,0
BRDA:32,2,0,0
BRDA:32,2,1,0
BRDA:35,3,0,0
BRDA:35,3,1,0
BRDA:35,3,2,0
BRDA:49,4,0,0
BRDA:49,4,1,0
BRDA:53,5,0,0
BRDA:53,5,1,0
BRF:13
BRH:2
end_of_record
